<?xml version="1.0" encoding="UTF-8" standalone="yes"?><!DOCTYPE report PUBLIC "-//JACOCO//DTD Report 1.0//EN" "report.dtd"><report name="rocketmq-client 4.1.0-incubating-SNAPSHOT"><sessioninfo id="localhost.localdomain-10b01544" start="1491554505180" dump="1491554528501"/><package name="org/apache/rocketmq/client/common"><class name="org/apache/rocketmq/client/common/ThreadLocalIndex"><method name="&lt;init&gt;" desc="()V" line="22"><counter type="INSTRUCTION" missed="0" covered="13"/><counter type="LINE" missed="0" covered="3"/><counter type="COMPLEXITY" missed="0" covered="1"/><counter type="METHOD" missed="0" covered="1"/></method><method name="getAndIncrement" desc="()I" line="27"><counter type="INSTRUCTION" missed="6" covered="38"/><counter type="BRANCH" missed="2" covered="4"/><counter type="LINE" missed="2" covered="9"/><counter type="COMPLEXITY" missed="2" covered="2"/><counter type="METHOD" missed="0" covered="1"/></method><method name="toString" desc="()Ljava/lang/String;" line="45"><counter type="INSTRUCTION" missed="0" covered="13"/><counter type="LINE" missed="0" covered="2"/><counter type="COMPLEXITY" missed="0" covered="1"/><counter type="METHOD" missed="0" covered="1"/></method><counter type="INSTRUCTION" missed="6" covered="64"/><counter type="BRANCH" missed="2" covered="4"/><counter type="LINE" missed="2" covered="14"/><counter type="COMPLEXITY" missed="2" covered="4"/><counter type="METHOD" missed="0" covered="3"/><counter type="CLASS" missed="0" covered="1"/></class><class name="org/apache/rocketmq/client/common/ClientErrorCode"><method name="&lt;init&gt;" desc="()V" line="20"><counter type="INSTRUCTION" missed="3" covered="0"/><counter type="LINE" missed="1" covered="0"/><counter type="COMPLEXITY" missed="1" covered="0"/><counter type="METHOD" missed="1" covered="0"/></method><counter type="INSTRUCTION" missed="3" covered="0"/><counter type="LINE" missed="1" covered="0"/><counter type="COMPLEXITY" missed="1" covered="0"/><counter type="METHOD" missed="1" covered="0"/><counter type="CLASS" missed="1" covered="0"/></class><sourcefile name="ClientErrorCode.java"><line nr="20" mi="3" ci="0" mb="0" cb="0"/><counter type="INSTRUCTION" missed="3" covered="0"/><counter type="LINE" missed="1" covered="0"/><counter type="COMPLEXITY" missed="1" covered="0"/><counter type="METHOD" missed="1" covered="0"/><counter type="CLASS" missed="1" covered="0"/></sourcefile><sourcefile name="ThreadLocalIndex.java"><line nr="22" mi="0" ci="2" mb="0" cb="0"/><line nr="23" mi="0" ci="5" mb="0" cb="0"/><line nr="24" mi="0" ci="6" mb="0" cb="0"/><line nr="27" mi="0" ci="5" mb="0" cb="0"/><line nr="28" mi="0" ci="3" mb="0" cb="2"/><line nr="29" mi="0" ci="6" mb="0" cb="0"/><line nr="30" mi="0" ci="3" mb="1" cb="1"/><line nr="31" mi="3" ci="0" mb="0" cb="0"/><line nr="32" mi="0" ci="4" mb="0" cb="0"/><line nr="35" mi="0" ci="7" mb="0" cb="0"/><line nr="36" mi="0" ci="3" mb="1" cb="1"/><line nr="37" mi="3" ci="0" mb="0" cb="0"/><line nr="39" mi="0" ci="4" mb="0" cb="0"/><line nr="40" mi="0" ci="3" mb="0" cb="0"/><line nr="45" mi="0" ci="8" mb="0" cb="0"/><line nr="46" mi="0" ci="5" mb="0" cb="0"/><counter type="INSTRUCTION" missed="6" covered="64"/><counter type="BRANCH" missed="2" covered="4"/><counter type="LINE" missed="2" covered="14"/><counter type="COMPLEXITY" missed="2" covered="4"/><counter type="METHOD" missed="0" covered="3"/><counter type="CLASS" missed="0" covered="1"/></sourcefile><counter type="INSTRUCTION" missed="9" covered="64"/><counter type="BRANCH" missed="2" covered="4"/><counter type="LINE" missed="3" covered="14"/><counter type="COMPLEXITY" missed="3" covered="4"/><counter type="METHOD" missed="1" covered="3"/><counter type="CLASS" missed="1" covered="1"/></package><package name="org/apache/rocketmq/client/impl/consumer"><class name="org/apache/rocketmq/client/impl/consumer/PullMessageService"><method name="&lt;init&gt;" desc="(Lorg/apache/rocketmq/client/impl/factory/MQClientInstance;)V" line="30"><counter type="INSTRUCTION" missed="0" covered="21"/><counter type="LINE" missed="0" covered="7"/><counter type="COMPLEXITY" missed="0" covered="1"/><counter type="METHOD" missed="0" covered="1"/></method><method name="executePullRequestLater" desc="(Lorg/apache/rocketmq/client/impl/consumer/PullRequest;J)V" line="46"><counter type="INSTRUCTION" missed="0" covered="12"/><counter type="LINE" missed="0" covered="2"/><counter type="COMPLEXITY" missed="0" covered="1"/><counter type="METHOD" missed="0" covered="1"/></method><method name="executePullRequestImmediately" desc="(Lorg/apache/rocketmq/client/impl/consumer/PullRequest;)V" line="57"><counter type="INSTRUCTION" missed="6" covered="6"/><counter type="LINE" missed="2" covered="3"/><counter type="COMPLEXITY" missed="0" covered="1"/><counter type="METHOD" missed="0" covered="1"/></method><method name="executeTaskLater" desc="(Ljava/lang/Runnable;J)V" line="64"><counter type="INSTRUCTION" missed="8" covered="0"/><counter type="LINE" missed="2" covered="0"/><counter type="COMPLEXITY" missed="1" covered="0"/><counter type="METHOD" missed="1" covered="0"/></method><method name="getScheduledExecutorService" desc="()Ljava/util/concurrent/ScheduledExecutorService;" line="68"><counter type="INSTRUCTION" missed="3" covered="0"/><counter type="LINE" missed="1" covered="0"/><counter type="COMPLEXITY" missed="1" covered="0"/><counter type="METHOD" missed="1" covered="0"/></method><method name="pullMessage" desc="(Lorg/apache/rocketmq/client/impl/consumer/PullRequest;)V" line="72"><counter type="INSTRUCTION" missed="5" covered="16"/><counter type="BRANCH" missed="1" covered="1"/><counter type="LINE" missed="1" covered="6"/><counter type="COMPLEXITY" missed="1" covered="1"/><counter type="METHOD" missed="0" covered="1"/></method><method name="run" desc="()V" line="83"><counter type="INSTRUCTION" missed="7" covered="41"/><counter type="BRANCH" missed="1" covered="3"/><counter type="LINE" missed="2" covered="9"/><counter type="COMPLEXITY" missed="1" covered="2"/><counter type="METHOD" missed="0" covered="1"/></method><method name="getServiceName" desc="()Ljava/lang/String;" line="102"><counter type="INSTRUCTION" missed="0" covered="3"/><counter type="LINE" missed="0" covered="1"/><counter type="COMPLEXITY" missed="0" covered="1"/><counter type="METHOD" missed="0" covered="1"/></method><counter type="INSTRUCTION" missed="29" covered="99"/><counter type="BRANCH" missed="2" covered="4"/><counter type="LINE" missed="8" covered="28"/><counter type="COMPLEXITY" missed="4" covered="7"/><counter type="METHOD" missed="2" covered="6"/><counter type="CLASS" missed="0" covered="1"/></class><class name="org/apache/rocketmq/client/impl/consumer/RebalancePushImpl"><method name="&lt;init&gt;" desc="(Lorg/apache/rocketmq/client/impl/consumer/DefaultMQPushConsumerImpl;)V" line="39"><counter type="INSTRUCTION" missed="0" covered="8"/><counter type="LINE" missed="0" covered="2"/><counter type="COMPLEXITY" missed="0" covered="1"/><counter type="METHOD" missed="0" covered="1"/></method><method name="&lt;init&gt;" desc="(Ljava/lang/String;Lorg/apache/rocketmq/common/protocol/heartbeat/MessageModel;Lorg/apache/rocketmq/client/consumer/AllocateMessageQueueStrategy;Lorg/apache/rocketmq/client/impl/factory/MQClientInstance;Lorg/apache/rocketmq/client/impl/consumer/DefaultMQPushConsumerImpl;)V" line="44"><counter type="INSTRUCTION" missed="0" covered="10"/><counter type="LINE" missed="0" covered="3"/><counter type="COMPLEXITY" missed="0" covered="1"/><counter type="METHOD" missed="0" covered="1"/></method><method name="messageQueueChanged" desc="(Ljava/lang/String;Ljava/util/Set;Ljava/util/Set;)V" line="50"><counter type="INSTRUCTION" missed="0" covered="1"/><counter type="LINE" missed="0" covered="1"/><counter type="COMPLEXITY" missed="0" covered="1"/><counter type="METHOD" missed="0" covered="1"/></method><method name="removeUnnecessaryMessageQueue" desc="(Lorg/apache/rocketmq/common/message/MessageQueue;Lorg/apache/rocketmq/client/impl/consumer/ProcessQueue;)Z" line="54"><counter type="INSTRUCTION" missed="61" covered="0"/><counter type="BRANCH" missed="6" covered="0"/><counter type="LINE" missed="15" covered="0"/><counter type="COMPLEXITY" missed="4" covered="0"/><counter type="METHOD" missed="1" covered="0"/></method><method name="unlockDelay" desc="(Lorg/apache/rocketmq/common/message/MessageQueue;Lorg/apache/rocketmq/client/impl/consumer/ProcessQueue;)Z" line="83"><counter type="INSTRUCTION" missed="30" covered="0"/><counter type="BRANCH" missed="2" covered="0"/><counter type="LINE" missed="5" covered="0"/><counter type="COMPLEXITY" missed="2" covered="0"/><counter type="METHOD" missed="1" covered="0"/></method><method name="consumeType" desc="()Lorg/apache/rocketmq/common/protocol/heartbeat/ConsumeType;" line="100"><counter type="INSTRUCTION" missed="2" covered="0"/><counter type="LINE" missed="1" covered="0"/><counter type="COMPLEXITY" missed="1" covered="0"/><counter type="METHOD" missed="1" covered="0"/></method><method name="removeDirtyOffset" desc="(Lorg/apache/rocketmq/common/message/MessageQueue;)V" line="105"><counter type="INSTRUCTION" missed="0" covered="6"/><counter type="LINE" missed="0" covered="2"/><counter type="COMPLEXITY" missed="0" covered="1"/><counter type="METHOD" missed="0" covered="1"/></method><method name="computePullFromWhere" desc="(Lorg/apache/rocketmq/common/message/MessageQueue;)J" line="110"><counter type="INSTRUCTION" missed="133" covered="0"/><counter type="BRANCH" missed="20" covered="0"/><counter type="LINE" missed="41" covered="0"/><counter type="COMPLEXITY" missed="12" covered="0"/><counter type="METHOD" missed="1" covered="0"/></method><method name="dispatchPullRequest" desc="(Ljava/util/List;)V" line="184"><counter type="INSTRUCTION" missed="0" covered="22"/><counter type="BRANCH" missed="0" covered="2"/><counter type="LINE" missed="0" covered="5"/><counter type="COMPLEXITY" missed="0" covered="2"/><counter type="METHOD" missed="0" covered="1"/></method><method name="&lt;clinit&gt;" desc="()V" line="35"><counter type="INSTRUCTION" missed="0" covered="6"/><counter type="LINE" missed="0" covered="1"/><counter type="COMPLEXITY" missed="0" covered="1"/><counter type="METHOD" missed="0" covered="1"/></method><counter type="INSTRUCTION" missed="226" covered="53"/><counter type="BRANCH" missed="28" covered="2"/><counter type="LINE" missed="62" covered="14"/><counter type="COMPLEXITY" missed="19" covered="7"/><counter type="METHOD" missed="4" covered="6"/><counter type="CLASS" missed="0" covered="1"/></class><class name="org/apache/rocketmq/client/impl/consumer/ProcessQueue"><method name="&lt;init&gt;" desc="()V" line="39"><counter type="INSTRUCTION" missed="0" covered="61"/><counter type="LINE" missed="0" covered="16"/><counter type="COMPLEXITY" missed="0" covered="1"/><counter type="METHOD" missed="0" covered="1"/></method><method name="isLockExpired" desc="()Z" line="61"><counter type="INSTRUCTION" missed="2" covered="9"/><counter type="BRANCH" missed="1" covered="1"/><counter type="LINE" missed="0" covered="1"/><counter type="COMPLEXITY" missed="1" covered="1"/><counter type="METHOD" missed="0" covered="1"/></method><method name="isPullExpired" desc="()Z" line="65"><counter type="INSTRUCTION" missed="11" covered="0"/><counter type="BRANCH" missed="2" covered="0"/><counter type="LINE" missed="1" covered="0"/><counter type="COMPLEXITY" missed="2" covered="0"/><counter type="METHOD" missed="1" covered="0"/></method><method name="cleanExpiredMsg" desc="(Lorg/apache/rocketmq/client/consumer/DefaultMQPushConsumer;)V" line="72"><counter type="INSTRUCTION" missed="176" covered="0"/><counter type="BRANCH" missed="14" covered="0"/><counter type="LINE" missed="30" covered="0"/><counter type="COMPLEXITY" missed="8" covered="0"/><counter type="METHOD" missed="1" covered="0"/></method><method name="putMessage" desc="(Ljava/util/List;)Z" line="122"><counter type="INSTRUCTION" missed="13" covered="92"/><counter type="BRANCH" missed="6" covered="8"/><counter type="LINE" missed="2" covered="24"/><counter type="COMPLEXITY" missed="6" covered="2"/><counter type="METHOD" missed="0" covered="1"/></method><method name="getMaxSpan" desc="()J" line="163"><counter type="INSTRUCTION" missed="31" covered="16"/><counter type="BRANCH" missed="1" covered="1"/><counter type="LINE" missed="3" covered="6"/><counter type="COMPLEXITY" missed="1" covered="1"/><counter type="METHOD" missed="0" covered="1"/></method><method name="removeMessage" desc="(Ljava/util/List;)J" line="179"><counter type="INSTRUCTION" missed="19" covered="62"/><counter type="BRANCH" missed="3" covered="5"/><counter type="LINE" missed="3" covered="18"/><counter type="COMPLEXITY" missed="3" covered="2"/><counter type="METHOD" missed="0" covered="1"/></method><method name="getMsgTreeMap" desc="()Ljava/util/TreeMap;" line="211"><counter type="INSTRUCTION" missed="3" covered="0"/><counter type="LINE" missed="1" covered="0"/><counter type="COMPLEXITY" missed="1" covered="0"/><counter type="METHOD" missed="1" covered="0"/></method><method name="getMsgCount" desc="()Ljava/util/concurrent/atomic/AtomicLong;" line="215"><counter type="INSTRUCTION" missed="0" covered="3"/><counter type="LINE" missed="0" covered="1"/><counter type="COMPLEXITY" missed="0" covered="1"/><counter type="METHOD" missed="0" covered="1"/></method><method name="isDropped" desc="()Z" line="219"><counter type="INSTRUCTION" missed="0" covered="3"/><counter type="LINE" missed="0" covered="1"/><counter type="COMPLEXITY" missed="0" covered="1"/><counter type="METHOD" missed="0" covered="1"/></method><method name="setDropped" desc="(Z)V" line="223"><counter type="INSTRUCTION" missed="0" covered="4"/><counter type="LINE" missed="0" covered="2"/><counter type="COMPLEXITY" missed="0" covered="1"/><counter type="METHOD" missed="0" covered="1"/></method><method name="isLocked" desc="()Z" line="227"><counter type="INSTRUCTION" missed="0" covered="3"/><counter type="LINE" missed="0" covered="1"/><counter type="COMPLEXITY" missed="0" covered="1"/><counter type="METHOD" missed="0" covered="1"/></method><method name="setLocked" desc="(Z)V" line="231"><counter type="INSTRUCTION" missed="0" covered="4"/><counter type="LINE" missed="0" covered="2"/><counter type="COMPLEXITY" missed="0" covered="1"/><counter type="METHOD" missed="0" covered="1"/></method><method name="rollback" desc="()V" line="236"><counter type="INSTRUCTION" missed="32" covered="0"/><counter type="LINE" missed="9" covered="0"/><counter type="COMPLEXITY" missed="1" covered="0"/><counter type="METHOD" missed="1" covered="0"/></method><method name="commit" desc="()J" line="250"><counter type="INSTRUCTION" missed="56" covered="0"/><counter type="BRANCH" missed="2" covered="0"/><counter type="LINE" missed="12" covered="0"/><counter type="COMPLEXITY" missed="2" covered="0"/><counter type="METHOD" missed="1" covered="0"/></method><method name="makeMessageToCosumeAgain" desc="(Ljava/util/List;)V" line="270"><counter type="INSTRUCTION" missed="13" covered="37"/><counter type="BRANCH" missed="0" covered="2"/><counter type="LINE" missed="2" covered="9"/><counter type="COMPLEXITY" missed="0" covered="2"/><counter type="METHOD" missed="0" covered="1"/></method><method name="takeMessags" desc="(I)Ljava/util/List;" line="285"><counter type="INSTRUCTION" missed="16" covered="55"/><counter type="BRANCH" missed="3" covered="5"/><counter type="LINE" missed="3" covered="15"/><counter type="COMPLEXITY" missed="3" covered="2"/><counter type="METHOD" missed="0" covered="1"/></method><method name="hasTempMessage" desc="()Z" line="318"><counter type="INSTRUCTION" missed="28" covered="0"/><counter type="BRANCH" missed="2" covered="0"/><counter type="LINE" missed="5" covered="0"/><counter type="COMPLEXITY" missed="2" covered="0"/><counter type="METHOD" missed="1" covered="0"/></method><method name="clear" desc="()V" line="332"><counter type="INSTRUCTION" missed="37" covered="0"/><counter type="LINE" missed="11" covered="0"/><counter type="COMPLEXITY" missed="1" covered="0"/><counter type="METHOD" missed="1" covered="0"/></method><method name="getLastLockTimestamp" desc="()J" line="347"><counter type="INSTRUCTION" missed="3" covered="0"/><counter type="LINE" missed="1" covered="0"/><counter type="COMPLEXITY" missed="1" covered="0"/><counter type="METHOD" missed="1" covered="0"/></method><method name="setLastLockTimestamp" desc="(J)V" line="351"><counter type="INSTRUCTION" missed="0" covered="4"/><counter type="LINE" missed="0" covered="2"/><counter type="COMPLEXITY" missed="0" covered="1"/><counter type="METHOD" missed="0" covered="1"/></method><method name="getLockConsume" desc="()Ljava/util/concurrent/locks/Lock;" line="355"><counter type="INSTRUCTION" missed="0" covered="3"/><counter type="LINE" missed="0" covered="1"/><counter type="COMPLEXITY" missed="0" covered="1"/><counter type="METHOD" missed="0" covered="1"/></method><method name="getLastPullTimestamp" desc="()J" line="359"><counter type="INSTRUCTION" missed="3" covered="0"/><counter type="LINE" missed="1" covered="0"/><counter type="COMPLEXITY" missed="1" covered="0"/><counter type="METHOD" missed="1" covered="0"/></method><method name="setLastPullTimestamp" desc="(J)V" line="363"><counter type="INSTRUCTION" missed="0" covered="4"/><counter type="LINE" missed="0" covered="2"/><counter type="COMPLEXITY" missed="0" covered="1"/><counter type="METHOD" missed="0" covered="1"/></method><method name="getMsgAccCnt" desc="()J" line="367"><counter type="INSTRUCTION" missed="3" covered="0"/><counter type="LINE" missed="1" covered="0"/><counter type="COMPLEXITY" missed="1" covered="0"/><counter type="METHOD" missed="1" covered="0"/></method><method name="setMsgAccCnt" desc="(J)V" line="371"><counter type="INSTRUCTION" missed="4" covered="0"/><counter type="LINE" missed="2" covered="0"/><counter type="COMPLEXITY" missed="1" covered="0"/><counter type="METHOD" missed="1" covered="0"/></method><method name="getTryUnlockTimes" desc="()J" line="375"><counter type="INSTRUCTION" missed="4" covered="0"/><counter type="LINE" missed="1" covered="0"/><counter type="COMPLEXITY" missed="1" covered="0"/><counter type="METHOD" missed="1" covered="0"/></method><method name="incTryUnlockTimes" desc="()V" line="379"><counter type="INSTRUCTION" missed="5" covered="0"/><counter type="LINE" missed="2" covered="0"/><counter type="COMPLEXITY" missed="1" covered="0"/><counter type="METHOD" missed="1" covered="0"/></method><method name="fillProcessQueueInfo" desc="(Lorg/apache/rocketmq/common/protocol/body/ProcessQueueInfo;)V" line="384"><counter type="INSTRUCTION" missed="94" covered="0"/><counter type="BRANCH" missed="4" covered="0"/><counter type="LINE" missed="19" covered="0"/><counter type="COMPLEXITY" missed="3" covered="0"/><counter type="METHOD" missed="1" covered="0"/></method><method name="getLastConsumeTimestamp" desc="()J" line="412"><counter type="INSTRUCTION" missed="3" covered="0"/><counter type="LINE" missed="1" covered="0"/><counter type="COMPLEXITY" missed="1" covered="0"/><counter type="METHOD" missed="1" covered="0"/></method><method name="setLastConsumeTimestamp" desc="(J)V" line="416"><counter type="INSTRUCTION" missed="4" covered="0"/><counter type="LINE" missed="2" covered="0"/><counter type="COMPLEXITY" missed="1" covered="0"/><counter type="METHOD" missed="1" covered="0"/></method><method name="&lt;clinit&gt;" desc="()V" line="40"><counter type="INSTRUCTION" missed="0" covered="16"/><counter type="LINE" missed="0" covered="4"/><counter type="COMPLEXITY" missed="0" covered="1"/><counter type="METHOD" missed="0" covered="1"/></method><counter type="INSTRUCTION" missed="560" covered="376"/><counter type="BRANCH" missed="38" covered="22"/><counter type="LINE" missed="112" covered="105"/><counter type="COMPLEXITY" missed="42" covered="20"/><counter type="METHOD" missed="16" covered="16"/><counter type="CLASS" missed="0" covered="1"/></class><class name="org/apache/rocketmq/client/impl/consumer/RebalanceImpl$1"><method name="&lt;clinit&gt;" desc="()V" line="240"><counter type="INSTRUCTION" missed="4" covered="33"/><counter type="LINE" missed="0" covered="2"/><counter type="COMPLEXITY" missed="0" covered="1"/><counter type="METHOD" missed="0" covered="1"/></method><counter type="INSTRUCTION" missed="4" covered="33"/><counter type="LINE" missed="0" covered="2"/><counter type="COMPLEXITY" missed="0" covered="1"/><counter type="METHOD" missed="0" covered="1"/><counter type="CLASS" missed="0" covered="1"/></class><class name="org/apache/rocketmq/client/impl/consumer/PullRequest"><method name="&lt;init&gt;" desc="()V" line="21"><counter type="INSTRUCTION" missed="0" covered="6"/><counter type="LINE" missed="0" covered="2"/><counter type="COMPLEXITY" missed="0" covered="1"/><counter type="METHOD" missed="0" covered="1"/></method><method name="isLockedFirst" desc="()Z" line="29"><counter type="INSTRUCTION" missed="0" covered="3"/><counter type="LINE" missed="0" covered="1"/><counter type="COMPLEXITY" missed="0" covered="1"/><counter type="METHOD" missed="0" covered="1"/></method><method name="setLockedFirst" desc="(Z)V" line="33"><counter type="INSTRUCTION" missed="0" covered="4"/><counter type="LINE" missed="0" covered="2"/><counter type="COMPLEXITY" missed="0" covered="1"/><counter type="METHOD" missed="0" covered="1"/></method><method name="getConsumerGroup" desc="()Ljava/lang/String;" line="37"><counter type="INSTRUCTION" missed="0" covered="3"/><counter type="LINE" missed="0" covered="1"/><counter type="COMPLEXITY" missed="0" covered="1"/><counter type="METHOD" missed="0" covered="1"/></method><method name="setConsumerGroup" desc="(Ljava/lang/String;)V" line="41"><counter type="INSTRUCTION" missed="0" covered="4"/><counter type="LINE" missed="0" covered="2"/><counter type="COMPLEXITY" missed="0" covered="1"/><counter type="METHOD" missed="0" covered="1"/></method><method name="getMessageQueue" desc="()Lorg/apache/rocketmq/common/message/MessageQueue;" line="45"><counter type="INSTRUCTION" missed="0" covered="3"/><counter type="LINE" missed="0" covered="1"/><counter type="COMPLEXITY" missed="0" covered="1"/><counter type="METHOD" missed="0" covered="1"/></method><method name="setMessageQueue" desc="(Lorg/apache/rocketmq/common/message/MessageQueue;)V" line="49"><counter type="INSTRUCTION" missed="0" covered="4"/><counter type="LINE" missed="0" covered="2"/><counter type="COMPLEXITY" missed="0" covered="1"/><counter type="METHOD" missed="0" covered="1"/></method><method name="getNextOffset" desc="()J" line="53"><counter type="INSTRUCTION" missed="0" covered="3"/><counter type="LINE" missed="0" covered="1"/><counter type="COMPLEXITY" missed="0" covered="1"/><counter type="METHOD" missed="0" covered="1"/></method><method name="setNextOffset" desc="(J)V" line="57"><counter type="INSTRUCTION" missed="0" covered="4"/><counter type="LINE" missed="0" covered="2"/><counter type="COMPLEXITY" missed="0" covered="1"/><counter type="METHOD" missed="0" covered="1"/></method><method name="hashCode" desc="()I" line="62"><counter type="INSTRUCTION" missed="32" covered="0"/><counter type="BRANCH" missed="4" covered="0"/><counter type="LINE" missed="5" covered="0"/><counter type="COMPLEXITY" missed="3" covered="0"/><counter type="METHOD" missed="1" covered="0"/></method><method name="equals" desc="(Ljava/lang/Object;)Z" line="71"><counter type="INSTRUCTION" missed="53" covered="0"/><counter type="BRANCH" missed="18" covered="0"/><counter type="LINE" missed="18" covered="0"/><counter type="COMPLEXITY" missed="10" covered="0"/><counter type="METHOD" missed="1" covered="0"/></method><method name="toString" desc="()Ljava/lang/String;" line="93"><counter type="INSTRUCTION" missed="22" covered="0"/><counter type="LINE" missed="1" covered="0"/><counter type="COMPLEXITY" missed="1" covered="0"/><counter type="METHOD" missed="1" covered="0"/></method><method name="getProcessQueue" desc="()Lorg/apache/rocketmq/client/impl/consumer/ProcessQueue;" line="98"><counter type="INSTRUCTION" missed="0" covered="3"/><counter type="LINE" missed="0" covered="1"/><counter type="COMPLEXITY" missed="0" covered="1"/><counter type="METHOD" missed="0" covered="1"/></method><method name="setProcessQueue" desc="(Lorg/apache/rocketmq/client/impl/consumer/ProcessQueue;)V" line="102"><counter type="INSTRUCTION" missed="0" covered="4"/><counter type="LINE" missed="0" covered="2"/><counter type="COMPLEXITY" missed="0" covered="1"/><counter type="METHOD" missed="0" covered="1"/></method><counter type="INSTRUCTION" missed="107" covered="41"/><counter type="BRANCH" missed="22" covered="0"/><counter type="LINE" missed="24" covered="17"/><counter type="COMPLEXITY" missed="14" covered="11"/><counter type="METHOD" missed="3" covered="11"/><counter type="CLASS" missed="0" covered="1"/></class><class name="org/apache/rocketmq/client/impl/consumer/RebalanceImpl"><method name="&lt;init&gt;" desc="(Ljava/lang/String;Lorg/apache/rocketmq/common/protocol/heartbeat/MessageModel;Lorg/apache/rocketmq/client/consumer/AllocateMessageQueueStrategy;Lorg/apache/rocketmq/client/impl/factory/MQClientInstance;)V" line="47"><counter type="INSTRUCTION" missed="0" covered="31"/><counter type="LINE" missed="0" covered="9"/><counter type="COMPLEXITY" missed="0" covered="1"/><counter type="METHOD" missed="0" covered="1"/></method><method name="unlock" desc="(Lorg/apache/rocketmq/common/message/MessageQueue;Z)V" line="66"><counter type="INSTRUCTION" missed="71" covered="0"/><counter type="BRANCH" missed="2" covered="0"/><counter type="LINE" missed="13" covered="0"/><counter type="COMPLEXITY" missed="2" covered="0"/><counter type="METHOD" missed="1" covered="0"/></method><method name="unlockAll" desc="(Z)V" line="86"><counter type="INSTRUCTION" missed="92" covered="11"/><counter type="BRANCH" missed="9" covered="1"/><counter type="LINE" missed="21" covered="3"/><counter type="COMPLEXITY" missed="5" covered="1"/><counter type="METHOD" missed="0" covered="1"/></method><method name="buildProcessQueueTableByBrokerName" desc="()Ljava/util/HashMap;" line="120"><counter type="INSTRUCTION" missed="28" covered="14"/><counter type="BRANCH" missed="3" covered="1"/><counter type="LINE" missed="6" covered="3"/><counter type="COMPLEXITY" missed="2" covered="1"/><counter type="METHOD" missed="0" covered="1"/></method><method name="lock" desc="(Lorg/apache/rocketmq/common/message/MessageQueue;)Z" line="135"><counter type="INSTRUCTION" missed="35" covered="69"/><counter type="BRANCH" missed="5" covered="3"/><counter type="LINE" missed="8" covered="12"/><counter type="COMPLEXITY" missed="4" covered="1"/><counter type="METHOD" missed="0" covered="1"/></method><method name="lockAll" desc="()V" line="168"><counter type="INSTRUCTION" missed="141" covered="0"/><counter type="BRANCH" missed="18" covered="0"/><counter type="LINE" missed="36" covered="0"/><counter type="COMPLEXITY" missed="10" covered="0"/><counter type="METHOD" missed="1" covered="0"/></method><method name="doRebalance" desc="(Z)V" line="218"><counter type="INSTRUCTION" missed="9" covered="29"/><counter type="BRANCH" missed="3" covered="3"/><counter type="LINE" missed="3" covered="9"/><counter type="COMPLEXITY" missed="2" covered="2"/><counter type="METHOD" missed="0" covered="1"/></method><method name="getSubscriptionInner" desc="()Ljava/util/concurrent/ConcurrentHashMap;" line="236"><counter type="INSTRUCTION" missed="0" covered="3"/><counter type="LINE" missed="0" covered="1"/><counter type="COMPLEXITY" missed="0" covered="1"/><counter type="METHOD" missed="0" covered="1"/></method><method name="rebalanceByTopic" desc="(Ljava/lang/String;Z)V" line="240"><counter type="INSTRUCTION" missed="59" covered="145"/><counter type="BRANCH" missed="8" covered="13"/><counter type="LINE" missed="12" covered="29"/><counter type="COMPLEXITY" missed="6" covered="6"/><counter type="METHOD" missed="0" covered="1"/></method><method name="truncateMessageQueueNotMyTopic" desc="()V" line="315"><counter type="INSTRUCTION" missed="17" covered="22"/><counter type="BRANCH" missed="3" covered="3"/><counter type="LINE" missed="4" covered="5"/><counter type="COMPLEXITY" missed="2" covered="2"/><counter type="METHOD" missed="0" covered="1"/></method><method name="updateProcessQueueTableInRebalance" desc="(Ljava/lang/String;Ljava/util/Set;Z)Z" line="330"><counter type="INSTRUCTION" missed="83" covered="102"/><counter type="BRANCH" missed="18" covered="9"/><counter type="LINE" missed="21" covered="27"/><counter type="COMPLEXITY" missed="12" covered="3"/><counter type="METHOD" missed="0" covered="1"/></method><method name="removeProcessQueue" desc="(Lorg/apache/rocketmq/common/message/MessageQueue;)V" line="415"><counter type="INSTRUCTION" missed="39" covered="0"/><counter type="BRANCH" missed="2" covered="0"/><counter type="LINE" missed="7" covered="0"/><counter type="COMPLEXITY" missed="2" covered="0"/><counter type="METHOD" missed="1" covered="0"/></method><method name="getProcessQueueTable" desc="()Ljava/util/concurrent/ConcurrentHashMap;" line="425"><counter type="INSTRUCTION" missed="0" covered="3"/><counter type="LINE" missed="0" covered="1"/><counter type="COMPLEXITY" missed="0" covered="1"/><counter type="METHOD" missed="0" covered="1"/></method><method name="getTopicSubscribeInfoTable" desc="()Ljava/util/concurrent/ConcurrentHashMap;" line="429"><counter type="INSTRUCTION" missed="3" covered="0"/><counter type="LINE" missed="1" covered="0"/><counter type="COMPLEXITY" missed="1" covered="0"/><counter type="METHOD" missed="1" covered="0"/></method><method name="getConsumerGroup" desc="()Ljava/lang/String;" line="433"><counter type="INSTRUCTION" missed="3" covered="0"/><counter type="LINE" missed="1" covered="0"/><counter type="COMPLEXITY" missed="1" covered="0"/><counter type="METHOD" missed="1" covered="0"/></method><method name="setConsumerGroup" desc="(Ljava/lang/String;)V" line="437"><counter type="INSTRUCTION" missed="0" covered="4"/><counter type="LINE" missed="0" covered="2"/><counter type="COMPLEXITY" missed="0" covered="1"/><counter type="METHOD" missed="0" covered="1"/></method><method name="getMessageModel" desc="()Lorg/apache/rocketmq/common/protocol/heartbeat/MessageModel;" line="441"><counter type="INSTRUCTION" missed="3" covered="0"/><counter type="LINE" missed="1" covered="0"/><counter type="COMPLEXITY" missed="1" covered="0"/><counter type="METHOD" missed="1" covered="0"/></method><method name="setMessageModel" desc="(Lorg/apache/rocketmq/common/protocol/heartbeat/MessageModel;)V" line="445"><counter type="INSTRUCTION" missed="0" covered="4"/><counter type="LINE" missed="0" covered="2"/><counter type="COMPLEXITY" missed="0" covered="1"/><counter type="METHOD" missed="0" covered="1"/></method><method name="getAllocateMessageQueueStrategy" desc="()Lorg/apache/rocketmq/client/consumer/AllocateMessageQueueStrategy;" line="449"><counter type="INSTRUCTION" missed="3" covered="0"/><counter type="LINE" missed="1" covered="0"/><counter type="COMPLEXITY" missed="1" covered="0"/><counter type="METHOD" missed="1" covered="0"/></method><method name="setAllocateMessageQueueStrategy" desc="(Lorg/apache/rocketmq/client/consumer/AllocateMessageQueueStrategy;)V" line="453"><counter type="INSTRUCTION" missed="0" covered="4"/><counter type="LINE" missed="0" covered="2"/><counter type="COMPLEXITY" missed="0" covered="1"/><counter type="METHOD" missed="0" covered="1"/></method><method name="getmQClientFactory" desc="()Lorg/apache/rocketmq/client/impl/factory/MQClientInstance;" line="457"><counter type="INSTRUCTION" missed="3" covered="0"/><counter type="LINE" missed="1" covered="0"/><counter type="COMPLEXITY" missed="1" covered="0"/><counter type="METHOD" missed="1" covered="0"/></method><method name="setmQClientFactory" desc="(Lorg/apache/rocketmq/client/impl/factory/MQClientInstance;)V" line="461"><counter type="INSTRUCTION" missed="0" covered="4"/><counter type="LINE" missed="0" covered="2"/><counter type="COMPLEXITY" missed="0" covered="1"/><counter type="METHOD" missed="0" covered="1"/></method><method name="destroy" desc="()V" line="465"><counter type="INSTRUCTION" missed="0" covered="22"/><counter type="BRANCH" missed="0" covered="2"/><counter type="LINE" missed="0" covered="7"/><counter type="COMPLEXITY" missed="0" covered="2"/><counter type="METHOD" missed="0" covered="1"/></method><method name="&lt;clinit&gt;" desc="()V" line="46"><counter type="INSTRUCTION" missed="0" covered="3"/><counter type="LINE" missed="0" covered="1"/><counter type="COMPLEXITY" missed="0" covered="1"/><counter type="METHOD" missed="0" covered="1"/></method><counter type="INSTRUCTION" missed="589" covered="470"/><counter type="BRANCH" missed="71" covered="35"/><counter type="LINE" missed="136" covered="115"/><counter type="COMPLEXITY" missed="52" covered="26"/><counter type="METHOD" missed="8" covered="16"/><counter type="CLASS" missed="0" covered="1"/></class><class name="org/apache/rocketmq/client/impl/consumer/ConsumeMessageOrderlyService$1"><method name="&lt;init&gt;" desc="(Lorg/apache/rocketmq/client/impl/consumer/ConsumeMessageOrderlyService;)V" line="86"><counter type="INSTRUCTION" missed="6" covered="0"/><counter type="LINE" missed="1" covered="0"/><counter type="COMPLEXITY" missed="1" covered="0"/><counter type="METHOD" missed="1" covered="0"/></method><method name="run" desc="()V" line="89"><counter type="INSTRUCTION" missed="4" covered="0"/><counter type="LINE" missed="2" covered="0"/><counter type="COMPLEXITY" missed="1" covered="0"/><counter type="METHOD" missed="1" covered="0"/></method><counter type="INSTRUCTION" missed="10" covered="0"/><counter type="LINE" missed="3" covered="0"/><counter type="COMPLEXITY" missed="2" covered="0"/><counter type="METHOD" missed="2" covered="0"/><counter type="CLASS" missed="1" covered="0"/></class><class name="org/apache/rocketmq/client/impl/consumer/DefaultMQPullConsumerImpl"><method name="&lt;init&gt;" desc="(Lorg/apache/rocketmq/client/consumer/DefaultMQPullConsumer;Lorg/apache/rocketmq/remoting/RPCHook;)V" line="67"><counter type="INSTRUCTION" missed="0" covered="34"/><counter type="LINE" missed="0" covered="10"/><counter type="COMPLEXITY" missed="0" covered="1"/><counter type="METHOD" missed="0" covered="1"/></method><method name="registerConsumeMessageHook" desc="(Lorg/apache/rocketmq/client/hook/ConsumeMessageHook;)V" line="85"><counter type="INSTRUCTION" missed="12" covered="0"/><counter type="LINE" missed="3" covered="0"/><counter type="COMPLEXITY" missed="1" covered="0"/><counter type="METHOD" missed="1" covered="0"/></method><method name="createTopic" desc="(Ljava/lang/String;Ljava/lang/String;I)V" line="90"><counter type="INSTRUCTION" missed="7" covered="0"/><counter type="LINE" missed="2" covered="0"/><counter type="COMPLEXITY" missed="1" covered="0"/><counter type="METHOD" missed="1" covered="0"/></method><method name="createTopic" desc="(Ljava/lang/String;Ljava/lang/String;II)V" line="94"><counter type="INSTRUCTION" missed="11" covered="0"/><counter type="LINE" missed="3" covered="0"/><counter type="COMPLEXITY" missed="1" covered="0"/><counter type="METHOD" missed="1" covered="0"/></method><method name="makeSureStateOK" desc="()V" line="99"><counter type="INSTRUCTION" missed="17" covered="5"/><counter type="BRANCH" missed="1" covered="1"/><counter type="LINE" missed="2" covered="2"/><counter type="COMPLEXITY" missed="1" covered="1"/><counter type="METHOD" missed="0" covered="1"/></method><method name="fetchConsumeOffset" desc="(Lorg/apache/rocketmq/common/message/MessageQueue;Z)J" line="108"><counter type="INSTRUCTION" missed="12" covered="0"/><counter type="BRANCH" missed="2" covered="0"/><counter type="LINE" missed="2" covered="0"/><counter type="COMPLEXITY" missed="2" covered="0"/><counter type="METHOD" missed="1" covered="0"/></method><method name="fetchMessageQueuesInBalance" desc="(Ljava/lang/String;)Ljava/util/Set;" line="113"><counter type="INSTRUCTION" missed="41" covered="0"/><counter type="BRANCH" missed="6" covered="0"/><counter type="LINE" missed="10" covered="0"/><counter type="COMPLEXITY" missed="4" covered="0"/><counter type="METHOD" missed="1" covered="0"/></method><method name="fetchPublishMessageQueues" desc="(Ljava/lang/String;)Ljava/util/List;" line="130"><counter type="INSTRUCTION" missed="8" covered="0"/><counter type="LINE" missed="2" covered="0"/><counter type="COMPLEXITY" missed="1" covered="0"/><counter type="METHOD" missed="1" covered="0"/></method><method name="fetchSubscribeMessageQueues" desc="(Ljava/lang/String;)Ljava/util/Set;" line="135"><counter type="INSTRUCTION" missed="8" covered="0"/><counter type="LINE" missed="2" covered="0"/><counter type="COMPLEXITY" missed="1" covered="0"/><counter type="METHOD" missed="1" covered="0"/></method><method name="earliestMsgStoreTime" desc="(Lorg/apache/rocketmq/common/message/MessageQueue;)J" line="140"><counter type="INSTRUCTION" missed="8" covered="0"/><counter type="LINE" missed="2" covered="0"/><counter type="COMPLEXITY" missed="1" covered="0"/><counter type="METHOD" missed="1" covered="0"/></method><method name="maxOffset" desc="(Lorg/apache/rocketmq/common/message/MessageQueue;)J" line="145"><counter type="INSTRUCTION" missed="8" covered="0"/><counter type="LINE" missed="2" covered="0"/><counter type="COMPLEXITY" missed="1" covered="0"/><counter type="METHOD" missed="1" covered="0"/></method><method name="minOffset" desc="(Lorg/apache/rocketmq/common/message/MessageQueue;)J" line="150"><counter type="INSTRUCTION" missed="8" covered="0"/><counter type="LINE" missed="2" covered="0"/><counter type="COMPLEXITY" missed="1" covered="0"/><counter type="METHOD" missed="1" covered="0"/></method><method name="pull" desc="(Lorg/apache/rocketmq/common/message/MessageQueue;Ljava/lang/String;JI)Lorg/apache/rocketmq/client/consumer/PullResult;" line="156"><counter type="INSTRUCTION" missed="0" covered="10"/><counter type="LINE" missed="0" covered="1"/><counter type="COMPLEXITY" missed="0" covered="1"/><counter type="METHOD" missed="0" covered="1"/></method><method name="pull" desc="(Lorg/apache/rocketmq/common/message/MessageQueue;Ljava/lang/String;JIJ)Lorg/apache/rocketmq/client/consumer/PullResult;" line="161"><counter type="INSTRUCTION" missed="0" covered="9"/><counter type="LINE" missed="0" covered="1"/><counter type="COMPLEXITY" missed="0" covered="1"/><counter type="METHOD" missed="0" covered="1"/></method><method name="pullSyncImpl" desc="(Lorg/apache/rocketmq/common/message/MessageQueue;Ljava/lang/String;JIZJ)Lorg/apache/rocketmq/client/consumer/PullResult;" line="166"><counter type="INSTRUCTION" missed="62" covered="65"/><counter type="BRANCH" missed="5" covered="5"/><counter type="LINE" missed="15" covered="16"/><counter type="COMPLEXITY" missed="5" covered="1"/><counter type="METHOD" missed="0" covered="1"/></method><method name="subscriptionAutomatically" desc="(Ljava/lang/String;)V" line="225"><counter type="INSTRUCTION" missed="1" covered="22"/><counter type="BRANCH" missed="1" covered="1"/><counter type="LINE" missed="1" covered="5"/><counter type="COMPLEXITY" missed="1" covered="1"/><counter type="METHOD" missed="0" covered="1"/></method><method name="unsubscribe" desc="(Ljava/lang/String;)V" line="236"><counter type="INSTRUCTION" missed="7" covered="0"/><counter type="LINE" missed="2" covered="0"/><counter type="COMPLEXITY" missed="1" covered="0"/><counter type="METHOD" missed="1" covered="0"/></method><method name="groupName" desc="()Ljava/lang/String;" line="241"><counter type="INSTRUCTION" missed="0" covered="4"/><counter type="LINE" missed="0" covered="1"/><counter type="COMPLEXITY" missed="0" covered="1"/><counter type="METHOD" missed="0" covered="1"/></method><method name="executeHookBefore" desc="(Lorg/apache/rocketmq/client/hook/ConsumeMessageContext;)V" line="245"><counter type="INSTRUCTION" missed="22" covered="0"/><counter type="BRANCH" missed="4" covered="0"/><counter type="LINE" missed="7" covered="0"/><counter type="COMPLEXITY" missed="3" covered="0"/><counter type="METHOD" missed="1" covered="0"/></method><method name="executeHookAfter" desc="(Lorg/apache/rocketmq/client/hook/ConsumeMessageContext;)V" line="256"><counter type="INSTRUCTION" missed="22" covered="0"/><counter type="BRANCH" missed="4" covered="0"/><counter type="LINE" missed="7" covered="0"/><counter type="COMPLEXITY" missed="3" covered="0"/><counter type="METHOD" missed="1" covered="0"/></method><method name="messageModel" desc="()Lorg/apache/rocketmq/common/protocol/heartbeat/MessageModel;" line="268"><counter type="INSTRUCTION" missed="0" covered="4"/><counter type="LINE" missed="0" covered="1"/><counter type="COMPLEXITY" missed="0" covered="1"/><counter type="METHOD" missed="0" covered="1"/></method><method name="consumeType" desc="()Lorg/apache/rocketmq/common/protocol/heartbeat/ConsumeType;" line="273"><counter type="INSTRUCTION" missed="0" covered="2"/><counter type="LINE" missed="0" covered="1"/><counter type="COMPLEXITY" missed="0" covered="1"/><counter type="METHOD" missed="0" covered="1"/></method><method name="consumeFromWhere" desc="()Lorg/apache/rocketmq/common/consumer/ConsumeFromWhere;" line="278"><counter type="INSTRUCTION" missed="0" covered="2"/><counter type="LINE" missed="0" covered="1"/><counter type="COMPLEXITY" missed="0" covered="1"/><counter type="METHOD" missed="0" covered="1"/></method><method name="subscriptions" desc="()Ljava/util/Set;" line="283"><counter type="INSTRUCTION" missed="32" covered="25"/><counter type="BRANCH" missed="2" covered="2"/><counter type="LINE" missed="8" covered="7"/><counter type="COMPLEXITY" missed="2" covered="1"/><counter type="METHOD" missed="0" covered="1"/></method><method name="doRebalance" desc="()V" line="306"><counter type="INSTRUCTION" missed="8" covered="0"/><counter type="BRANCH" missed="2" covered="0"/><counter type="LINE" missed="3" covered="0"/><counter type="COMPLEXITY" missed="2" covered="0"/><counter type="METHOD" missed="1" covered="0"/></method><method name="persistConsumerOffset" desc="()V" line="314"><counter type="INSTRUCTION" missed="17" covered="21"/><counter type="LINE" missed="2" covered="7"/><counter type="COMPLEXITY" missed="0" covered="1"/><counter type="METHOD" missed="0" covered="1"/></method><method name="updateTopicSubscribeInfo" desc="(Ljava/lang/String;Ljava/util/Set;)V" line="326"><counter type="INSTRUCTION" missed="18" covered="0"/><counter type="BRANCH" missed="4" covered="0"/><counter type="LINE" missed="5" covered="0"/><counter type="COMPLEXITY" missed="3" covered="0"/><counter type="METHOD" missed="1" covered="0"/></method><method name="isSubscribeTopicNeedUpdate" desc="(Ljava/lang/String;)Z" line="336"><counter type="INSTRUCTION" missed="22" covered="0"/><counter type="BRANCH" missed="6" covered="0"/><counter type="LINE" missed="5" covered="0"/><counter type="COMPLEXITY" missed="4" covered="0"/><counter type="METHOD" missed="1" covered="0"/></method><method name="isUnitMode" desc="()Z" line="348"><counter type="INSTRUCTION" missed="0" covered="4"/><counter type="LINE" missed="0" covered="1"/><counter type="COMPLEXITY" missed="0" covered="1"/><counter type="METHOD" missed="0" covered="1"/></method><method name="consumerRunningInfo" desc="()Lorg/apache/rocketmq/common/protocol/body/ConsumerRunningInfo;" line="353"><counter type="INSTRUCTION" missed="26" covered="0"/><counter type="LINE" missed="6" covered="0"/><counter type="COMPLEXITY" missed="1" covered="0"/><counter type="METHOD" missed="1" covered="0"/></method><method name="pull" desc="(Lorg/apache/rocketmq/common/message/MessageQueue;Ljava/lang/String;JILorg/apache/rocketmq/client/consumer/PullCallback;)V" line="365"><counter type="INSTRUCTION" missed="0" covered="11"/><counter type="LINE" missed="0" covered="2"/><counter type="COMPLEXITY" missed="0" covered="1"/><counter type="METHOD" missed="0" covered="1"/></method><method name="pull" desc="(Lorg/apache/rocketmq/common/message/MessageQueue;Ljava/lang/String;JILorg/apache/rocketmq/client/consumer/PullCallback;J)V" line="370"><counter type="INSTRUCTION" missed="0" covered="10"/><counter type="LINE" missed="0" covered="2"/><counter type="COMPLEXITY" missed="0" covered="1"/><counter type="METHOD" missed="0" covered="1"/></method><method name="pullAsyncImpl" desc="(Lorg/apache/rocketmq/common/message/MessageQueue;Ljava/lang/String;JILorg/apache/rocketmq/client/consumer/PullCallback;ZJ)V" line="381"><counter type="INSTRUCTION" missed="42" covered="63"/><counter type="BRANCH" missed="5" covered="5"/><counter type="LINE" missed="8" covered="16"/><counter type="COMPLEXITY" missed="5" covered="1"/><counter type="METHOD" missed="0" covered="1"/></method><method name="pullBlockIfNotFound" desc="(Lorg/apache/rocketmq/common/message/MessageQueue;Ljava/lang/String;JI)Lorg/apache/rocketmq/client/consumer/PullResult;" line="445"><counter type="INSTRUCTION" missed="11" covered="0"/><counter type="LINE" missed="1" covered="0"/><counter type="COMPLEXITY" missed="1" covered="0"/><counter type="METHOD" missed="1" covered="0"/></method><method name="getDefaultMQPullConsumer" desc="()Lorg/apache/rocketmq/client/consumer/DefaultMQPullConsumer;" line="449"><counter type="INSTRUCTION" missed="3" covered="0"/><counter type="LINE" missed="1" covered="0"/><counter type="COMPLEXITY" missed="1" covered="0"/><counter type="METHOD" missed="1" covered="0"/></method><method name="pullBlockIfNotFound" desc="(Lorg/apache/rocketmq/common/message/MessageQueue;Ljava/lang/String;JILorg/apache/rocketmq/client/consumer/PullCallback;)V" line="454"><counter type="INSTRUCTION" missed="12" covered="0"/><counter type="LINE" missed="3" covered="0"/><counter type="COMPLEXITY" missed="1" covered="0"/><counter type="METHOD" missed="1" covered="0"/></method><method name="queryMessage" desc="(Ljava/lang/String;Ljava/lang/String;IJJ)Lorg/apache/rocketmq/client/QueryResult;" line="460"><counter type="INSTRUCTION" missed="12" covered="0"/><counter type="LINE" missed="2" covered="0"/><counter type="COMPLEXITY" missed="1" covered="0"/><counter type="METHOD" missed="1" covered="0"/></method><method name="queryMessageByUniqKey" desc="(Ljava/lang/String;Ljava/lang/String;)Lorg/apache/rocketmq/common/message/MessageExt;" line="466"><counter type="INSTRUCTION" missed="9" covered="0"/><counter type="LINE" missed="2" covered="0"/><counter type="COMPLEXITY" missed="1" covered="0"/><counter type="METHOD" missed="1" covered="0"/></method><method name="searchOffset" desc="(Lorg/apache/rocketmq/common/message/MessageQueue;J)J" line="471"><counter type="INSTRUCTION" missed="9" covered="0"/><counter type="LINE" missed="2" covered="0"/><counter type="COMPLEXITY" missed="1" covered="0"/><counter type="METHOD" missed="1" covered="0"/></method><method name="sendMessageBack" desc="(Lorg/apache/rocketmq/common/message/MessageExt;ILjava/lang/String;)V" line="477"><counter type="INSTRUCTION" missed="9" covered="0"/><counter type="LINE" missed="2" covered="0"/><counter type="COMPLEXITY" missed="1" covered="0"/><counter type="METHOD" missed="1" covered="0"/></method><method name="updateConsumeOffsetToBroker" desc="(Lorg/apache/rocketmq/common/message/MessageQueue;JZ)V" line="482"><counter type="INSTRUCTION" missed="7" covered="0"/><counter type="LINE" missed="2" covered="0"/><counter type="COMPLEXITY" missed="1" covered="0"/><counter type="METHOD" missed="1" covered="0"/></method><method name="sendMessageBack" desc="(Lorg/apache/rocketmq/common/message/MessageExt;ILjava/lang/String;Ljava/lang/String;)V" line="488"><counter type="INSTRUCTION" missed="108" covered="0"/><counter type="BRANCH" missed="6" covered="0"/><counter type="LINE" missed="20" covered="0"/><counter type="COMPLEXITY" missed="4" covered="0"/><counter type="METHOD" missed="1" covered="0"/></method><method name="shutdown" desc="()V" line="514"><counter type="INSTRUCTION" missed="2" covered="29"/><counter type="BRANCH" missed="3" covered="1"/><counter type="LINE" missed="2" covered="8"/><counter type="COMPLEXITY" missed="3" covered="1"/><counter type="METHOD" missed="0" covered="1"/></method><method name="start" desc="()V" line="532"><counter type="INSTRUCTION" missed="57" covered="119"/><counter type="BRANCH" missed="7" covered="5"/><counter type="LINE" missed="8" covered="26"/><counter type="COMPLEXITY" missed="7" covered="1"/><counter type="METHOD" missed="0" covered="1"/></method><method name="checkConfig" desc="()V" line="600"><counter type="INSTRUCTION" missed="70" covered="34"/><counter type="BRANCH" missed="5" covered="5"/><counter type="LINE" missed="10" covered="7"/><counter type="COMPLEXITY" missed="5" covered="1"/><counter type="METHOD" missed="0" covered="1"/></method><method name="copySubscription" desc="()V" line="647"><counter type="INSTRUCTION" missed="26" covered="14"/><counter type="BRANCH" missed="2" covered="2"/><counter type="LINE" missed="5" covered="5"/><counter type="COMPLEXITY" missed="2" covered="1"/><counter type="METHOD" missed="0" covered="1"/></method><method name="updateConsumeOffset" desc="(Lorg/apache/rocketmq/common/message/MessageQueue;J)V" line="661"><counter type="INSTRUCTION" missed="9" covered="0"/><counter type="LINE" missed="3" covered="0"/><counter type="COMPLEXITY" missed="1" covered="0"/><counter type="METHOD" missed="1" covered="0"/></method><method name="viewMessage" desc="(Ljava/lang/String;)Lorg/apache/rocketmq/common/message/MessageExt;" line="666"><counter type="INSTRUCTION" missed="8" covered="0"/><counter type="LINE" missed="2" covered="0"/><counter type="COMPLEXITY" missed="1" covered="0"/><counter type="METHOD" missed="1" covered="0"/></method><method name="registerFilterMessageHook" desc="(Lorg/apache/rocketmq/client/hook/FilterMessageHook;)V" line="671"><counter type="INSTRUCTION" missed="12" covered="0"/><counter type="LINE" missed="3" covered="0"/><counter type="COMPLEXITY" missed="1" covered="0"/><counter type="METHOD" missed="1" covered="0"/></method><method name="getOffsetStore" desc="()Lorg/apache/rocketmq/client/consumer/store/OffsetStore;" line="676"><counter type="INSTRUCTION" missed="3" covered="0"/><counter type="LINE" missed="1" covered="0"/><counter type="COMPLEXITY" missed="1" covered="0"/><counter type="METHOD" missed="1" covered="0"/></method><method name="setOffsetStore" desc="(Lorg/apache/rocketmq/client/consumer/store/OffsetStore;)V" line="680"><counter type="INSTRUCTION" missed="4" covered="0"/><counter type="LINE" missed="2" covered="0"/><counter type="COMPLEXITY" missed="1" covered="0"/><counter type="METHOD" missed="1" covered="0"/></method><method name="getPullAPIWrapper" desc="()Lorg/apache/rocketmq/client/impl/consumer/PullAPIWrapper;" line="684"><counter type="INSTRUCTION" missed="0" covered="3"/><counter type="LINE" missed="0" covered="1"/><counter type="COMPLEXITY" missed="0" covered="1"/><counter type="METHOD" missed="0" covered="1"/></method><method name="setPullAPIWrapper" desc="(Lorg/apache/rocketmq/client/impl/consumer/PullAPIWrapper;)V" line="688"><counter type="INSTRUCTION" missed="4" covered="0"/><counter type="LINE" missed="2" covered="0"/><counter type="COMPLEXITY" missed="1" covered="0"/><counter type="METHOD" missed="1" covered="0"/></method><method name="getServiceState" desc="()Lorg/apache/rocketmq/common/ServiceState;" line="692"><counter type="INSTRUCTION" missed="3" covered="0"/><counter type="LINE" missed="1" covered="0"/><counter type="COMPLEXITY" missed="1" covered="0"/><counter type="METHOD" missed="1" covered="0"/></method><method name="setServiceState" desc="(Lorg/apache/rocketmq/common/ServiceState;)V" line="696"><counter type="INSTRUCTION" missed="4" covered="0"/><counter type="LINE" missed="2" covered="0"/><counter type="COMPLEXITY" missed="1" covered="0"/><counter type="METHOD" missed="1" covered="0"/></method><method name="getConsumerStartTimestamp" desc="()J" line="700"><counter type="INSTRUCTION" missed="3" covered="0"/><counter type="LINE" missed="1" covered="0"/><counter type="COMPLEXITY" missed="1" covered="0"/><counter type="METHOD" missed="1" covered="0"/></method><method name="getRebalanceImpl" desc="()Lorg/apache/rocketmq/client/impl/consumer/RebalanceImpl;" line="704"><counter type="INSTRUCTION" missed="3" covered="0"/><counter type="LINE" missed="1" covered="0"/><counter type="COMPLEXITY" missed="1" covered="0"/><counter type="METHOD" missed="1" covered="0"/></method><counter type="INSTRUCTION" missed="807" covered="490"/><counter type="BRANCH" missed="65" covered="27"/><counter type="LINE" missed="179" covered="121"/><counter type="COMPLEXITY" missed="84" covered="21"/><counter type="METHOD" missed="36" covered="21"/><counter type="CLASS" missed="0" covered="1"/></class><class name="org/apache/rocketmq/client/impl/consumer/ConsumeMessageConcurrentlyService"><method name="&lt;init&gt;" desc="(Lorg/apache/rocketmq/client/impl/consumer/DefaultMQPushConsumerImpl;Lorg/apache/rocketmq/client/consumer/listener/MessageListenerConcurrently;)V" line="64"><counter type="INSTRUCTION" missed="0" covered="57"/><counter type="LINE" missed="0" covered="12"/><counter type="COMPLEXITY" missed="0" covered="1"/><counter type="METHOD" missed="0" covered="1"/></method><method name="start" desc="()V" line="85"><counter type="INSTRUCTION" missed="0" covered="16"/><counter type="LINE" missed="0" covered="3"/><counter type="COMPLEXITY" missed="0" covered="1"/><counter type="METHOD" missed="0" covered="1"/></method><method name="shutdown" desc="()V" line="96"><counter type="INSTRUCTION" missed="0" covered="10"/><counter type="LINE" missed="0" covered="4"/><counter type="COMPLEXITY" missed="0" covered="1"/><counter type="METHOD" missed="0" covered="1"/></method><method name="updateCorePoolSize" desc="(I)V" line="103"><counter type="INSTRUCTION" missed="15" covered="0"/><counter type="BRANCH" missed="6" covered="0"/><counter type="LINE" missed="4" covered="0"/><counter type="COMPLEXITY" missed="4" covered="0"/><counter type="METHOD" missed="1" covered="0"/></method><method name="incCorePoolSize" desc="()V" line="124"><counter type="INSTRUCTION" missed="1" covered="0"/><counter type="LINE" missed="1" covered="0"/><counter type="COMPLEXITY" missed="1" covered="0"/><counter type="METHOD" missed="1" covered="0"/></method><method name="decCorePoolSize" desc="()V" line="140"><counter type="INSTRUCTION" missed="1" covered="0"/><counter type="LINE" missed="1" covered="0"/><counter type="COMPLEXITY" missed="1" covered="0"/><counter type="METHOD" missed="1" covered="0"/></method><method name="getCorePoolSize" desc="()I" line="144"><counter type="INSTRUCTION" missed="4" covered="0"/><counter type="LINE" missed="1" covered="0"/><counter type="COMPLEXITY" missed="1" covered="0"/><counter type="METHOD" missed="1" covered="0"/></method><method name="consumeMessageDirectly" desc="(Lorg/apache/rocketmq/common/message/MessageExt;Ljava/lang/String;)Lorg/apache/rocketmq/common/protocol/body/ConsumeMessageDirectlyResult;" line="149"><counter type="INSTRUCTION" missed="117" covered="0"/><counter type="BRANCH" missed="5" covered="0"/><counter type="LINE" missed="31" covered="0"/><counter type="COMPLEXITY" missed="4" covered="0"/><counter type="METHOD" missed="1" covered="0"/></method><method name="submitConsumeRequest" desc="(Ljava/util/List;Lorg/apache/rocketmq/client/impl/consumer/ProcessQueue;Lorg/apache/rocketmq/common/message/MessageQueue;Z)V" line="208"><counter type="INSTRUCTION" missed="64" covered="24"/><counter type="BRANCH" missed="9" covered="1"/><counter type="LINE" missed="15" covered="7"/><counter type="COMPLEXITY" missed="5" covered="1"/><counter type="METHOD" missed="0" covered="1"/></method><method name="resetRetryTopic" desc="(Ljava/util/List;)V" line="242"><counter type="INSTRUCTION" missed="8" covered="22"/><counter type="BRANCH" missed="3" covered="3"/><counter type="LINE" missed="1" covered="6"/><counter type="COMPLEXITY" missed="2" covered="2"/><counter type="METHOD" missed="0" covered="1"/></method><method name="cleanExpireMsg" desc="()V" line="252"><counter type="INSTRUCTION" missed="24" covered="0"/><counter type="BRANCH" missed="2" covered="0"/><counter type="LINE" missed="8" covered="0"/><counter type="COMPLEXITY" missed="2" covered="0"/><counter type="METHOD" missed="1" covered="0"/></method><method name="processConsumeResult" desc="(Lorg/apache/rocketmq/client/consumer/listener/ConsumeConcurrentlyStatus;Lorg/apache/rocketmq/client/consumer/listener/ConsumeConcurrentlyContext;Lorg/apache/rocketmq/client/impl/consumer/ConsumeMessageConcurrentlyService$ConsumeRequest;)V" line="266"><counter type="INSTRUCTION" missed="89" covered="91"/><counter type="BRANCH" missed="12" covered="10"/><counter type="LINE" missed="16" covered="18"/><counter type="COMPLEXITY" missed="10" covered="3"/><counter type="METHOD" missed="0" covered="1"/></method><method name="getConsumerStatsManager" desc="()Lorg/apache/rocketmq/client/stat/ConsumerStatsManager;" line="325"><counter type="INSTRUCTION" missed="0" covered="4"/><counter type="LINE" missed="0" covered="1"/><counter type="COMPLEXITY" missed="0" covered="1"/><counter type="METHOD" missed="0" covered="1"/></method><method name="sendMessageBack" desc="(Lorg/apache/rocketmq/common/message/MessageExt;Lorg/apache/rocketmq/client/consumer/listener/ConsumeConcurrentlyContext;)Z" line="329"><counter type="INSTRUCTION" missed="20" covered="13"/><counter type="LINE" missed="3" covered="3"/><counter type="COMPLEXITY" missed="0" covered="1"/><counter type="METHOD" missed="0" covered="1"/></method><method name="submitConsumeRequestLater" desc="(Ljava/util/List;Lorg/apache/rocketmq/client/impl/consumer/ProcessQueue;Lorg/apache/rocketmq/common/message/MessageQueue;)V" line="347"><counter type="INSTRUCTION" missed="14" covered="0"/><counter type="LINE" missed="2" covered="0"/><counter type="COMPLEXITY" missed="1" covered="0"/><counter type="METHOD" missed="1" covered="0"/></method><method name="submitConsumeRequestLater" desc="(Lorg/apache/rocketmq/client/impl/consumer/ConsumeMessageConcurrentlyService$ConsumeRequest;)V" line="359"><counter type="INSTRUCTION" missed="12" covered="0"/><counter type="LINE" missed="2" covered="0"/><counter type="COMPLEXITY" missed="1" covered="0"/><counter type="METHOD" missed="1" covered="0"/></method><method name="&lt;clinit&gt;" desc="()V" line="52"><counter type="INSTRUCTION" missed="0" covered="3"/><counter type="LINE" missed="0" covered="1"/><counter type="COMPLEXITY" missed="0" covered="1"/><counter type="METHOD" missed="0" covered="1"/></method><counter type="INSTRUCTION" missed="369" covered="240"/><counter type="BRANCH" missed="37" covered="14"/><counter type="LINE" missed="85" covered="55"/><counter type="COMPLEXITY" missed="32" covered="12"/><counter type="METHOD" missed="8" covered="9"/><counter type="CLASS" missed="0" covered="1"/></class><class name="org/apache/rocketmq/client/impl/consumer/DefaultMQPushConsumerImpl$1$1"><method name="&lt;init&gt;" desc="(Lorg/apache/rocketmq/client/impl/consumer/DefaultMQPushConsumerImpl$1;)V" line="343"><counter type="INSTRUCTION" missed="6" covered="0"/><counter type="LINE" missed="1" covered="0"/><counter type="COMPLEXITY" missed="1" covered="0"/><counter type="METHOD" missed="1" covered="0"/></method><method name="run" desc="()V" line="348"><counter type="INSTRUCTION" missed="51" covered="0"/><counter type="LINE" missed="9" covered="0"/><counter type="COMPLEXITY" missed="1" covered="0"/><counter type="METHOD" missed="1" covered="0"/></method><counter type="INSTRUCTION" missed="57" covered="0"/><counter type="LINE" missed="10" covered="0"/><counter type="COMPLEXITY" missed="2" covered="0"/><counter type="METHOD" missed="2" covered="0"/><counter type="CLASS" missed="1" covered="0"/></class><class name="org/apache/rocketmq/client/impl/consumer/RebalancePullImpl"><method name="&lt;init&gt;" desc="(Lorg/apache/rocketmq/client/impl/consumer/DefaultMQPullConsumerImpl;)V" line="32"><counter type="INSTRUCTION" missed="0" covered="8"/><counter type="LINE" missed="0" covered="2"/><counter type="COMPLEXITY" missed="0" covered="1"/><counter type="METHOD" missed="0" covered="1"/></method><method name="&lt;init&gt;" desc="(Ljava/lang/String;Lorg/apache/rocketmq/common/protocol/heartbeat/MessageModel;Lorg/apache/rocketmq/client/consumer/AllocateMessageQueueStrategy;Lorg/apache/rocketmq/client/impl/factory/MQClientInstance;Lorg/apache/rocketmq/client/impl/consumer/DefaultMQPullConsumerImpl;)V" line="37"><counter type="INSTRUCTION" missed="0" covered="10"/><counter type="LINE" missed="0" covered="3"/><counter type="COMPLEXITY" missed="0" covered="1"/><counter type="METHOD" missed="0" covered="1"/></method><method name="messageQueueChanged" desc="(Ljava/lang/String;Ljava/util/Set;Ljava/util/Set;)V" line="43"><counter type="INSTRUCTION" missed="19" covered="0"/><counter type="BRANCH" missed="2" covered="0"/><counter type="LINE" missed="7" covered="0"/><counter type="COMPLEXITY" missed="2" covered="0"/><counter type="METHOD" missed="1" covered="0"/></method><method name="removeUnnecessaryMessageQueue" desc="(Lorg/apache/rocketmq/common/message/MessageQueue;Lorg/apache/rocketmq/client/impl/consumer/ProcessQueue;)Z" line="55"><counter type="INSTRUCTION" missed="12" covered="0"/><counter type="LINE" missed="3" covered="0"/><counter type="COMPLEXITY" missed="1" covered="0"/><counter type="METHOD" missed="1" covered="0"/></method><method name="consumeType" desc="()Lorg/apache/rocketmq/common/protocol/heartbeat/ConsumeType;" line="62"><counter type="INSTRUCTION" missed="2" covered="0"/><counter type="LINE" missed="1" covered="0"/><counter type="COMPLEXITY" missed="1" covered="0"/><counter type="METHOD" missed="1" covered="0"/></method><method name="removeDirtyOffset" desc="(Lorg/apache/rocketmq/common/message/MessageQueue;)V" line="67"><counter type="INSTRUCTION" missed="6" covered="0"/><counter type="LINE" missed="2" covered="0"/><counter type="COMPLEXITY" missed="1" covered="0"/><counter type="METHOD" missed="1" covered="0"/></method><method name="computePullFromWhere" desc="(Lorg/apache/rocketmq/common/message/MessageQueue;)J" line="72"><counter type="INSTRUCTION" missed="2" covered="0"/><counter type="LINE" missed="1" covered="0"/><counter type="COMPLEXITY" missed="1" covered="0"/><counter type="METHOD" missed="1" covered="0"/></method><method name="dispatchPullRequest" desc="(Ljava/util/List;)V" line="77"><counter type="INSTRUCTION" missed="1" covered="0"/><counter type="LINE" missed="1" covered="0"/><counter type="COMPLEXITY" missed="1" covered="0"/><counter type="METHOD" missed="1" covered="0"/></method><counter type="INSTRUCTION" missed="42" covered="18"/><counter type="BRANCH" missed="2" covered="0"/><counter type="LINE" missed="15" covered="5"/><counter type="COMPLEXITY" missed="7" covered="2"/><counter type="METHOD" missed="6" covered="2"/><counter type="CLASS" missed="0" covered="1"/></class><class name="org/apache/rocketmq/client/impl/consumer/ConsumeMessageOrderlyService$4"><method name="&lt;clinit&gt;" desc="()V" line="151"><counter type="INSTRUCTION" missed="4" covered="29"/><counter type="LINE" missed="0" covered="1"/><counter type="COMPLEXITY" missed="0" covered="1"/><counter type="METHOD" missed="0" covered="1"/></method><counter type="INSTRUCTION" missed="4" covered="29"/><counter type="LINE" missed="0" covered="1"/><counter type="COMPLEXITY" missed="0" covered="1"/><counter type="METHOD" missed="0" covered="1"/><counter type="CLASS" missed="0" covered="1"/></class><class name="org/apache/rocketmq/client/impl/consumer/ConsumeMessageOrderlyService$2"><method name="&lt;init&gt;" desc="(Lorg/apache/rocketmq/client/impl/consumer/ConsumeMessageOrderlyService;Lorg/apache/rocketmq/common/message/MessageQueue;Lorg/apache/rocketmq/client/impl/consumer/ProcessQueue;)V" line="208"><counter type="INSTRUCTION" missed="12" covered="0"/><counter type="LINE" missed="1" covered="0"/><counter type="COMPLEXITY" missed="1" covered="0"/><counter type="METHOD" missed="1" covered="0"/></method><method name="run" desc="()V" line="211"><counter type="INSTRUCTION" missed="26" covered="0"/><counter type="BRANCH" missed="2" covered="0"/><counter type="LINE" missed="5" covered="0"/><counter type="COMPLEXITY" missed="2" covered="0"/><counter type="METHOD" missed="1" covered="0"/></method><counter type="INSTRUCTION" missed="38" covered="0"/><counter type="BRANCH" missed="2" covered="0"/><counter type="LINE" missed="6" covered="0"/><counter type="COMPLEXITY" missed="3" covered="0"/><counter type="METHOD" missed="2" covered="0"/><counter type="CLASS" missed="1" covered="0"/></class><class name="org/apache/rocketmq/client/impl/consumer/ConsumeMessageOrderlyService$3"><method name="&lt;init&gt;" desc="(Lorg/apache/rocketmq/client/impl/consumer/ConsumeMessageOrderlyService;Lorg/apache/rocketmq/client/impl/consumer/ProcessQueue;Lorg/apache/rocketmq/common/message/MessageQueue;)V" line="245"><counter type="INSTRUCTION" missed="0" covered="12"/><counter type="LINE" missed="0" covered="1"/><counter type="COMPLEXITY" missed="0" covered="1"/><counter type="METHOD" missed="0" covered="1"/></method><method name="run" desc="()V" line="249"><counter type="INSTRUCTION" missed="10" covered="0"/><counter type="LINE" missed="2" covered="0"/><counter type="COMPLEXITY" missed="1" covered="0"/><counter type="METHOD" missed="1" covered="0"/></method><counter type="INSTRUCTION" missed="10" covered="12"/><counter type="LINE" missed="2" covered="1"/><counter type="COMPLEXITY" missed="1" covered="1"/><counter type="METHOD" missed="1" covered="1"/><counter type="CLASS" missed="0" covered="1"/></class><class name="org/apache/rocketmq/client/impl/consumer/RebalanceService"><method name="&lt;init&gt;" desc="(Lorg/apache/rocketmq/client/impl/factory/MQClientInstance;)V" line="31"><counter type="INSTRUCTION" missed="0" covered="9"/><counter type="LINE" missed="0" covered="4"/><counter type="COMPLEXITY" missed="0" covered="1"/><counter type="METHOD" missed="0" covered="1"/></method><method name="run" desc="()V" line="40"><counter type="INSTRUCTION" missed="0" covered="35"/><counter type="BRANCH" missed="0" covered="2"/><counter type="LINE" missed="0" covered="6"/><counter type="COMPLEXITY" missed="0" covered="2"/><counter type="METHOD" missed="0" covered="1"/></method><method name="getServiceName" desc="()Ljava/lang/String;" line="52"><counter type="INSTRUCTION" missed="0" covered="3"/><counter type="LINE" missed="0" covered="1"/><counter type="COMPLEXITY" missed="0" covered="1"/><counter type="METHOD" missed="0" covered="1"/></method><method name="&lt;clinit&gt;" desc="()V" line="28"><counter type="INSTRUCTION" missed="0" covered="6"/><counter type="LINE" missed="0" covered="2"/><counter type="COMPLEXITY" missed="0" covered="1"/><counter type="METHOD" missed="0" covered="1"/></method><counter type="INSTRUCTION" missed="0" covered="53"/><counter type="BRANCH" missed="0" covered="2"/><counter type="LINE" missed="0" covered="13"/><counter type="COMPLEXITY" missed="0" covered="5"/><counter type="METHOD" missed="0" covered="4"/><counter type="CLASS" missed="0" covered="1"/></class><class name="org/apache/rocketmq/client/impl/consumer/DefaultMQPushConsumerImpl$2"><method name="&lt;clinit&gt;" desc="()V" line="281"><counter type="INSTRUCTION" missed="10" covered="73"/><counter type="LINE" missed="0" covered="3"/><counter type="COMPLEXITY" missed="0" covered="1"/><counter type="METHOD" missed="0" covered="1"/></method><counter type="INSTRUCTION" missed="10" covered="73"/><counter type="LINE" missed="0" covered="3"/><counter type="COMPLEXITY" missed="0" covered="1"/><counter type="METHOD" missed="0" covered="1"/><counter type="CLASS" missed="0" covered="1"/></class><class name="org/apache/rocketmq/client/impl/consumer/RebalancePushImpl$1"><method name="&lt;init&gt;" desc="(Lorg/apache/rocketmq/client/impl/consumer/RebalancePushImpl;Lorg/apache/rocketmq/common/message/MessageQueue;)V" line="85"><counter type="INSTRUCTION" missed="9" covered="0"/><counter type="LINE" missed="1" covered="0"/><counter type="COMPLEXITY" missed="1" covered="0"/><counter type="METHOD" missed="1" covered="0"/></method><method name="run" desc="()V" line="88"><counter type="INSTRUCTION" missed="16" covered="0"/><counter type="LINE" missed="3" covered="0"/><counter type="COMPLEXITY" missed="1" covered="0"/><counter type="METHOD" missed="1" covered="0"/></method><counter type="INSTRUCTION" missed="25" covered="0"/><counter type="LINE" missed="4" covered="0"/><counter type="COMPLEXITY" missed="2" covered="0"/><counter type="METHOD" missed="2" covered="0"/><counter type="CLASS" missed="1" covered="0"/></class><class name="org/apache/rocketmq/client/impl/consumer/DefaultMQPushConsumerImpl$1"><method name="&lt;init&gt;" desc="(Lorg/apache/rocketmq/client/impl/consumer/DefaultMQPushConsumerImpl;Lorg/apache/rocketmq/client/impl/consumer/PullRequest;Lorg/apache/rocketmq/common/protocol/heartbeat/SubscriptionData;JLorg/apache/rocketmq/client/impl/consumer/ProcessQueue;)V" line="274"><counter type="INSTRUCTION" missed="0" covered="18"/><counter type="LINE" missed="0" covered="1"/><counter type="COMPLEXITY" missed="0" covered="1"/><counter type="METHOD" missed="0" covered="1"/></method><method name="onSuccess" desc="(Lorg/apache/rocketmq/client/consumer/PullResult;)V" line="277"><counter type="INSTRUCTION" missed="72" covered="145"/><counter type="BRANCH" missed="10" covered="7"/><counter type="LINE" missed="16" covered="26"/><counter type="COMPLEXITY" missed="10" covered="1"/><counter type="METHOD" missed="0" covered="1"/></method><method name="onException" desc="(Ljava/lang/Throwable;)V" line="370"><counter type="INSTRUCTION" missed="20" covered="0"/><counter type="BRANCH" missed="2" covered="0"/><counter type="LINE" missed="4" covered="0"/><counter type="COMPLEXITY" missed="2" covered="0"/><counter type="METHOD" missed="1" covered="0"/></method><counter type="INSTRUCTION" missed="92" covered="163"/><counter type="BRANCH" missed="12" covered="7"/><counter type="LINE" missed="20" covered="27"/><counter type="COMPLEXITY" missed="12" covered="2"/><counter type="METHOD" missed="1" covered="2"/><counter type="CLASS" missed="0" covered="1"/></class><class name="org/apache/rocketmq/client/impl/consumer/RebalancePushImpl$2"><method name="&lt;clinit&gt;" desc="()V" line="113"><counter type="INSTRUCTION" missed="47" covered="0"/><counter type="LINE" missed="1" covered="0"/><counter type="COMPLEXITY" missed="1" covered="0"/><counter type="METHOD" missed="1" covered="0"/></method><counter type="INSTRUCTION" missed="47" covered="0"/><counter type="LINE" missed="1" covered="0"/><counter type="COMPLEXITY" missed="1" covered="0"/><counter type="METHOD" missed="1" covered="0"/><counter type="CLASS" missed="1" covered="0"/></class><class name="org/apache/rocketmq/client/impl/consumer/PullAPIWrapper"><method name="&lt;init&gt;" desc="(Lorg/apache/rocketmq/client/impl/factory/MQClientInstance;Ljava/lang/String;Z)V" line="50"><counter type="INSTRUCTION" missed="0" covered="38"/><counter type="LINE" missed="0" covered="11"/><counter type="COMPLEXITY" missed="0" covered="1"/><counter type="METHOD" missed="0" covered="1"/></method><method name="processPullResult" desc="(Lorg/apache/rocketmq/common/message/MessageQueue;Lorg/apache/rocketmq/client/consumer/PullResult;Lorg/apache/rocketmq/common/protocol/heartbeat/SubscriptionData;)Lorg/apache/rocketmq/client/consumer/PullResult;" line="69"><counter type="INSTRUCTION" missed="47" covered="59"/><counter type="BRANCH" missed="10" covered="6"/><counter type="LINE" missed="10" covered="17"/><counter type="COMPLEXITY" missed="6" covered="3"/><counter type="METHOD" missed="0" covered="1"/></method><method name="updatePullFromWhichNode" desc="(Lorg/apache/rocketmq/common/message/MessageQueue;J)V" line="111"><counter type="INSTRUCTION" missed="0" covered="23"/><counter type="BRANCH" missed="0" covered="2"/><counter type="LINE" missed="0" covered="5"/><counter type="COMPLEXITY" missed="0" covered="2"/><counter type="METHOD" missed="0" covered="1"/></method><method name="hasHook" desc="()Z" line="120"><counter type="INSTRUCTION" missed="2" covered="6"/><counter type="BRANCH" missed="1" covered="1"/><counter type="LINE" missed="0" covered="1"/><counter type="COMPLEXITY" missed="1" covered="1"/><counter type="METHOD" missed="0" covered="1"/></method><method name="executeHook" desc="(Lorg/apache/rocketmq/client/hook/FilterMessageContext;)V" line="124"><counter type="INSTRUCTION" missed="28" covered="0"/><counter type="BRANCH" missed="4" covered="0"/><counter type="LINE" missed="8" covered="0"/><counter type="COMPLEXITY" missed="3" covered="0"/><counter type="METHOD" missed="1" covered="0"/></method><method name="pullKernelImpl" desc="(Lorg/apache/rocketmq/common/message/MessageQueue;Ljava/lang/String;JJIIJJJLorg/apache/rocketmq/client/impl/CommunicationMode;Lorg/apache/rocketmq/client/consumer/PullCallback;)Lorg/apache/rocketmq/client/consumer/PullResult;" line="148"><counter type="INSTRUCTION" missed="41" covered="82"/><counter type="BRANCH" missed="4" covered="4"/><counter type="LINE" missed="7" covered="22"/><counter type="COMPLEXITY" missed="4" covered="1"/><counter type="METHOD" missed="0" covered="1"/></method><method name="recalculatePullFromWhichNode" desc="(Lorg/apache/rocketmq/common/message/MessageQueue;)J" line="196"><counter type="INSTRUCTION" missed="3" covered="16"/><counter type="BRANCH" missed="1" covered="3"/><counter type="LINE" missed="1" covered="5"/><counter type="COMPLEXITY" missed="1" covered="2"/><counter type="METHOD" missed="0" covered="1"/></method><method name="computPullFromWhichFilterServer" desc="(Ljava/lang/String;Ljava/lang/String;)Ljava/lang/String;" line="210"><counter type="INSTRUCTION" missed="48" covered="0"/><counter type="BRANCH" missed="6" covered="0"/><counter type="LINE" missed="7" covered="0"/><counter type="COMPLEXITY" missed="4" covered="0"/><counter type="METHOD" missed="1" covered="0"/></method><method name="isConnectBrokerByUser" desc="()Z" line="225"><counter type="INSTRUCTION" missed="0" covered="3"/><counter type="LINE" missed="0" covered="1"/><counter type="COMPLEXITY" missed="0" covered="1"/><counter type="METHOD" missed="0" covered="1"/></method><method name="setConnectBrokerByUser" desc="(Z)V" line="229"><counter type="INSTRUCTION" missed="4" covered="0"/><counter type="LINE" missed="2" covered="0"/><counter type="COMPLEXITY" missed="1" covered="0"/><counter type="METHOD" missed="1" covered="0"/></method><method name="randomNum" desc="()I" line="234"><counter type="INSTRUCTION" missed="15" covered="0"/><counter type="BRANCH" missed="4" covered="0"/><counter type="LINE" missed="6" covered="0"/><counter type="COMPLEXITY" missed="3" covered="0"/><counter type="METHOD" missed="1" covered="0"/></method><method name="registerFilterMessageHook" desc="(Ljava/util/ArrayList;)V" line="244"><counter type="INSTRUCTION" missed="0" covered="4"/><counter type="LINE" missed="0" covered="2"/><counter type="COMPLEXITY" missed="0" covered="1"/><counter type="METHOD" missed="0" covered="1"/></method><method name="getDefaultBrokerId" desc="()J" line="248"><counter type="INSTRUCTION" missed="3" covered="0"/><counter type="LINE" missed="1" covered="0"/><counter type="COMPLEXITY" missed="1" covered="0"/><counter type="METHOD" missed="1" covered="0"/></method><method name="setDefaultBrokerId" desc="(J)V" line="252"><counter type="INSTRUCTION" missed="4" covered="0"/><counter type="LINE" missed="2" covered="0"/><counter type="COMPLEXITY" missed="1" covered="0"/><counter type="METHOD" missed="1" covered="0"/></method><counter type="INSTRUCTION" missed="195" covered="231"/><counter type="BRANCH" missed="30" covered="16"/><counter type="LINE" missed="44" covered="64"/><counter type="COMPLEXITY" missed="25" covered="12"/><counter type="METHOD" missed="6" covered="8"/><counter type="CLASS" missed="0" covered="1"/></class><class name="org/apache/rocketmq/client/impl/consumer/ConsumeMessageOrderlyService"><method name="&lt;init&gt;" desc="(Lorg/apache/rocketmq/client/impl/consumer/DefaultMQPushConsumerImpl;Lorg/apache/rocketmq/client/consumer/listener/MessageListenerOrderly;)V" line="61"><counter type="INSTRUCTION" missed="0" covered="58"/><counter type="LINE" missed="0" covered="13"/><counter type="COMPLEXITY" missed="0" covered="1"/><counter type="METHOD" missed="0" covered="1"/></method><method name="start" desc="()V" line="85"><counter type="INSTRUCTION" missed="18" covered="0"/><counter type="BRANCH" missed="2" covered="0"/><counter type="LINE" missed="3" covered="0"/><counter type="COMPLEXITY" missed="2" covered="0"/><counter type="METHOD" missed="1" covered="0"/></method><method name="shutdown" desc="()V" line="96"><counter type="INSTRUCTION" missed="0" covered="18"/><counter type="BRANCH" missed="1" covered="1"/><counter type="LINE" missed="0" covered="6"/><counter type="COMPLEXITY" missed="1" covered="1"/><counter type="METHOD" missed="0" covered="1"/></method><method name="unlockAllMQ" desc="()V" line="105"><counter type="INSTRUCTION" missed="0" covered="6"/><counter type="LINE" missed="0" covered="2"/><counter type="COMPLEXITY" missed="0" covered="1"/><counter type="METHOD" missed="0" covered="1"/></method><method name="updateCorePoolSize" desc="(I)V" line="110"><counter type="INSTRUCTION" missed="15" covered="0"/><counter type="BRANCH" missed="6" covered="0"/><counter type="LINE" missed="4" covered="0"/><counter type="COMPLEXITY" missed="4" covered="0"/><counter type="METHOD" missed="1" covered="0"/></method><method name="incCorePoolSize" desc="()V" line="119"><counter type="INSTRUCTION" missed="1" covered="0"/><counter type="LINE" missed="1" covered="0"/><counter type="COMPLEXITY" missed="1" covered="0"/><counter type="METHOD" missed="1" covered="0"/></method><method name="decCorePoolSize" desc="()V" line="123"><counter type="INSTRUCTION" missed="1" covered="0"/><counter type="LINE" missed="1" covered="0"/><counter type="COMPLEXITY" missed="1" covered="0"/><counter type="METHOD" missed="1" covered="0"/></method><method name="getCorePoolSize" desc="()I" line="127"><counter type="INSTRUCTION" missed="4" covered="0"/><counter type="LINE" missed="1" covered="0"/><counter type="COMPLEXITY" missed="1" covered="0"/><counter type="METHOD" missed="1" covered="0"/></method><method name="consumeMessageDirectly" desc="(Lorg/apache/rocketmq/common/message/MessageExt;Ljava/lang/String;)Lorg/apache/rocketmq/common/protocol/body/ConsumeMessageDirectlyResult;" line="132"><counter type="INSTRUCTION" missed="123" covered="0"/><counter type="BRANCH" missed="7" covered="0"/><counter type="LINE" missed="34" covered="0"/><counter type="COMPLEXITY" missed="6" covered="0"/><counter type="METHOD" missed="1" covered="0"/></method><method name="submitConsumeRequest" desc="(Ljava/util/List;Lorg/apache/rocketmq/client/impl/consumer/ProcessQueue;Lorg/apache/rocketmq/common/message/MessageQueue;Z)V" line="195"><counter type="INSTRUCTION" missed="0" covered="15"/><counter type="BRANCH" missed="1" covered="1"/><counter type="LINE" missed="0" covered="4"/><counter type="COMPLEXITY" missed="1" covered="1"/><counter type="METHOD" missed="0" covered="1"/></method><method name="lockMQPeriodically" desc="()V" line="202"><counter type="INSTRUCTION" missed="8" covered="0"/><counter type="BRANCH" missed="2" covered="0"/><counter type="LINE" missed="3" covered="0"/><counter type="COMPLEXITY" missed="2" covered="0"/><counter type="METHOD" missed="1" covered="0"/></method><method name="tryLockLaterAndReconsume" desc="(Lorg/apache/rocketmq/common/message/MessageQueue;Lorg/apache/rocketmq/client/impl/consumer/ProcessQueue;J)V" line="208"><counter type="INSTRUCTION" missed="13" covered="0"/><counter type="LINE" missed="2" covered="0"/><counter type="COMPLEXITY" missed="1" covered="0"/><counter type="METHOD" missed="1" covered="0"/></method><method name="lockOneMQ" desc="(Lorg/apache/rocketmq/common/message/MessageQueue;)Z" line="222"><counter type="INSTRUCTION" missed="11" covered="0"/><counter type="BRANCH" missed
[...]
="0" mb="2" cb="0"/><line nr="1379" mi="2" ci="0" mb="0" cb="0"/><line nr="1380" mi="10" ci="0" mb="2" cb="0"/><line nr="1381" mi="7" ci="0" mb="0" cb="0"/><line nr="1382" mi="8" ci="0" mb="4" cb="0"/><line nr="1383" mi="3" ci="0" mb="2" cb="0"/><line nr="1385" mi="1" ci="0" mb="0" cb="0"/><line nr="1388" mi="2" ci="0" mb="0" cb="0"/><line nr="1390" mi="1" ci="0" mb="0" cb="0"/><line nr="1391" mi="2" ci="0" mb="2" cb="0"/><line nr="1392" mi="8" ci="0" mb="0" cb="0"/><line nr="1395" mi="1" ci="0" mb="0" cb="0"/><line nr="1399" mi="4" ci="0" mb="0" cb="0"/><line nr="1400" mi="3" ci="0" mb="0" cb="0"/><line nr="1402" mi="4" ci="0" mb="0" cb="0"/><line nr="1404" mi="7" ci="0" mb="0" cb="0"/><line nr="1405" mi="8" ci="0" mb="4" cb="0"/><line nr="1406" mi="3" ci="0" mb="2" cb="0"/><line nr="1408" mi="6" ci="0" mb="0" cb="0"/><line nr="1414" mi="8" ci="0" mb="0" cb="0"/><line nr="1420" mi="10" ci="0" mb="0" cb="0"/><line nr="1426" mi="4" ci="0" mb="0" cb="0"/><line nr="1427" mi="3" ci="0" mb="0" cb="0"/><line nr="1428" mi="3" ci="0" mb="0" cb="0"/><line nr="1429" mi="3" ci="0" mb="0" cb="0"/><line nr="1430" mi="3" ci="0" mb="0" cb="0"/><line nr="1432" mi="4" ci="0" mb="0" cb="0"/><line nr="1433" mi="2" ci="0" mb="2" cb="0"/><line nr="1434" mi="3" ci="0" mb="0" cb="0"/><line nr="1437" mi="11" ci="0" mb="0" cb="0"/><line nr="1439" mi="8" ci="0" mb="4" cb="0"/><line nr="1440" mi="3" ci="0" mb="2" cb="0"/><line nr="1442" mi="3" ci="0" mb="2" cb="0"/><line nr="1443" mi="6" ci="0" mb="0" cb="0"/><line nr="1444" mi="3" ci="0" mb="0" cb="0"/><line nr="1451" mi="8" ci="0" mb="0" cb="0"/><line nr="1456" mi="4" ci="0" mb="0" cb="0"/><line nr="1457" mi="3" ci="0" mb="0" cb="0"/><line nr="1458" mi="3" ci="0" mb="0" cb="0"/><line nr="1459" mi="3" ci="0" mb="0" cb="0"/><line nr="1461" mi="4" ci="0" mb="0" cb="0"/><line nr="1463" mi="11" ci="0" mb="0" cb="0"/><line nr="1465" mi="8" ci="0" mb="4" cb="0"/><line nr="1466" mi="3" ci="0" mb="2" cb="0"/><line nr="1468" mi="3" ci="0" mb="2" cb="0"/><line nr="1469" mi="6" ci="0" mb="0" cb="0"/><line nr="1470" mi="3" ci="0" mb="0" cb="0"/><line nr="1477" mi="8" ci="0" mb="0" cb="0"/><line nr="1483" mi="4" ci="0" mb="0" cb="0"/><line nr="1484" mi="3" ci="0" mb="0" cb="0"/><line nr="1486" mi="4" ci="0" mb="0" cb="0"/><line nr="1488" mi="11" ci="0" mb="0" cb="0"/><line nr="1490" mi="3" ci="0" mb="2" cb="0"/><line nr="1492" mi="6" ci="0" mb="0" cb="0"/><line nr="1493" mi="2" ci="0" mb="0" cb="0"/><line nr="1499" mi="8" ci="0" mb="0" cb="0"/><line nr="1505" mi="4" ci="0" mb="0" cb="0"/><line nr="1506" mi="3" ci="0" mb="0" cb="0"/><line nr="1507" mi="3" ci="0" mb="0" cb="0"/><line nr="1509" mi="4" ci="0" mb="0" cb="0"/><line nr="1511" mi="11" ci="0" mb="0" cb="0"/><line nr="1513" mi="3" ci="0" mb="2" cb="0"/><line nr="1515" mi="6" ci="0" mb="0" cb="0"/><line nr="1516" mi="3" ci="0" mb="0" cb="0"/><line nr="1522" mi="8" ci="0" mb="0" cb="0"/><line nr="1527" mi="4" ci="0" mb="0" cb="0"/><line nr="1528" mi="3" ci="0" mb="0" cb="0"/><line nr="1529" mi="4" ci="0" mb="0" cb="0"/><line nr="1531" mi="7" ci="0" mb="0" cb="0"/><line nr="1532" mi="8" ci="0" mb="4" cb="0"/><line nr="1533" mi="3" ci="0" mb="2" cb="0"/><line nr="1535" mi="3" ci="0" mb="0" cb="0"/><line nr="1536" mi="2" ci="0" mb="2" cb="0"/><line nr="1537" mi="5" ci="0" mb="0" cb="0"/><line nr="1538" mi="2" ci="0" mb="0" cb="0"/><line nr="1545" mi="8" ci="0" mb="0" cb="0"/><line nr="1556" mi="4" ci="0" mb="0" cb="0"/><line nr="1557" mi="3" ci="0" mb="0" cb="0"/><line nr="1558" mi="3" ci="0" mb="0" cb="0"/><line nr="1559" mi="3" ci="0" mb="0" cb="0"/><line nr="1560" mi="4" ci="0" mb="0" cb="0"/><line nr="1562" mi="4" ci="0" mb="0" cb="0"/><line nr="1563" mi="3" ci="0" mb="0" cb="0"/><line nr="1564" mi="7" ci="0" mb="0" cb="0"/><line nr="1565" mi="3" ci="0" mb="2" cb="0"/><line nr="1567" mi="1" ci="0" mb="0" cb="0"/><line nr="1573" mi="8" ci="0" mb="0" cb="0"/><line nr="1577" mi="4" ci="0" mb="0" cb="0"/><line nr="1579" mi="7" ci="0" mb="0" cb="0"/><line nr="1580" mi="8" ci="0" mb="4" cb="0"/><line nr="1581" mi="3" ci="0" mb="2" cb="0"/><line nr="1583" mi="3" ci="0" mb="0" cb="0"/><line nr="1584" mi="2" ci="0" mb="2" cb="0"/><line nr="1585" mi="6" ci="0" mb="0" cb="0"/><line nr="1586" mi="8" ci="0" mb="4" cb="0"/><line nr="1587" mi="3" ci="0" mb="2" cb="0"/><line nr="1588" mi="6" ci="0" mb="0" cb="0"/><line nr="1589" mi="7" ci="0" mb="4" cb="0"/><line nr="1590" mi="6" ci="0" mb="0" cb="0"/><line nr="1593" mi="2" ci="0" mb="0" cb="0"/><line nr="1600" mi="8" ci="0" mb="0" cb="0"/><line nr="1605" mi="4" ci="0" mb="0" cb="0"/><line nr="1607" mi="11" ci="0" mb="0" cb="0"/><line nr="1609" mi="8" ci="0" mb="4" cb="0"/><line nr="1610" mi="3" ci="0" mb="2" cb="0"/><line nr="1612" mi="3" ci="0" mb="0" cb="0"/><line nr="1613" mi="2" ci="0" mb="2" cb="0"/><line nr="1614" mi="5" ci="0" mb="0" cb="0"/><line nr="1615" mi="2" ci="0" mb="0" cb="0"/><line nr="1622" mi="8" ci="0" mb="0" cb="0"/><line nr="1627" mi="4" ci="0" mb="0" cb="0"/><line nr="1628" mi="11" ci="0" mb="0" cb="0"/><line nr="1630" mi="3" ci="0" mb="2" cb="0"/><line nr="1632" mi="2" ci="0" mb="0" cb="0"/><line nr="1638" mi="8" ci="0" mb="0" cb="0"/><line nr="1643" mi="4" ci="0" mb="0" cb="0"/><line nr="1644" mi="11" ci="0" mb="0" cb="0"/><line nr="1646" mi="3" ci="0" mb="2" cb="0"/><line nr="1648" mi="2" ci="0" mb="0" cb="0"/><line nr="1654" mi="8" ci="0" mb="0" cb="0"/><line nr="1659" mi="4" ci="0" mb="0" cb="0"/><line nr="1660" mi="3" ci="0" mb="0" cb="0"/><line nr="1661" mi="3" ci="0" mb="0" cb="0"/><line nr="1662" mi="3" ci="0" mb="0" cb="0"/><line nr="1664" mi="4" ci="0" mb="0" cb="0"/><line nr="1666" mi="11" ci="0" mb="0" cb="0"/><line nr="1668" mi="8" ci="0" mb="4" cb="0"/><line nr="1669" mi="3" ci="0" mb="2" cb="0"/><line nr="1671" mi="3" ci="0" mb="0" cb="0"/><line nr="1672" mi="2" ci="0" mb="2" cb="0"/><line nr="1673" mi="5" ci="0" mb="0" cb="0"/><line nr="1674" mi="2" ci="0" mb="0" cb="0"/><line nr="1681" mi="8" ci="0" mb="0" cb="0"/><line nr="1689" mi="4" ci="0" mb="0" cb="0"/><line nr="1690" mi="3" ci="0" mb="0" cb="0"/><line nr="1691" mi="3" ci="0" mb="0" cb="0"/><line nr="1692" mi="3" ci="0" mb="0" cb="0"/><line nr="1694" mi="4" ci="0" mb="0" cb="0"/><line nr="1696" mi="11" ci="0" mb="0" cb="0"/><line nr="1698" mi="8" ci="0" mb="4" cb="0"/><line nr="1699" mi="3" ci="0" mb="2" cb="0"/><line nr="1701" mi="3" ci="0" mb="0" cb="0"/><line nr="1702" mi="2" ci="0" mb="2" cb="0"/><line nr="1703" mi="5" ci="0" mb="0" cb="0"/><line nr="1704" mi="2" ci="0" mb="0" cb="0"/><line nr="1711" mi="8" ci="0" mb="0" cb="0"/><line nr="1717" mi="4" ci="0" mb="0" cb="0"/><line nr="1718" mi="3" ci="0" mb="0" cb="0"/><line nr="1719" mi="3" ci="0" mb="0" cb="0"/><line nr="1720" mi="2" ci="0" mb="2" cb="0"/><line nr="1721" mi="4" ci="0" mb="0" cb="0"/><line nr="1722" mi="2" ci="0" mb="0" cb="0"/><line nr="1723" mi="10" ci="0" mb="2" cb="0"/><line nr="1724" mi="6" ci="0" mb="0" cb="0"/><line nr="1725" mi="2" ci="0" mb="0" cb="0"/><line nr="1726" mi="1" ci="0" mb="0" cb="0"/><line nr="1727" mi="4" ci="0" mb="0" cb="0"/><line nr="1729" mi="4" ci="0" mb="0" cb="0"/><line nr="1731" mi="11" ci="0" mb="0" cb="0"/><line nr="1733" mi="8" ci="0" mb="4" cb="0"/><line nr="1734" mi="3" ci="0" mb="2" cb="0"/><line nr="1736" mi="3" ci="0" mb="2" cb="0"/><line nr="1737" mi="6" ci="0" mb="0" cb="0"/><line nr="1738" mi="3" ci="0" mb="0" cb="0"/><line nr="1745" mi="8" ci="0" mb="0" cb="0"/><line nr="1750" mi="4" ci="0" mb="0" cb="0"/><line nr="1752" mi="7" ci="0" mb="0" cb="0"/><line nr="1753" mi="8" ci="0" mb="4" cb="0"/><line nr="1754" mi="3" ci="0" mb="2" cb="0"/><line nr="1756" mi="3" ci="0" mb="0" cb="0"/><line nr="1757" mi="2" ci="0" mb="2" cb="0"/><line nr="1758" mi="6" ci="0" mb="0" cb="0"/><line nr="1759" mi="2" ci="0" mb="2" cb="0"/><line nr="1760" mi="4" ci="0" mb="0" cb="0"/><line nr="1761" mi="3" ci="0" mb="2" cb="0"/><line nr="1762" mi="4" ci="0" mb="0" cb="0"/><line nr="1763" mi="4" ci="0" mb="2" cb="0"/><line nr="1764" mi="2" ci="0" mb="0" cb="0"/><line nr="1765" mi="1" ci="0" mb="0" cb="0"/><line nr="1768" mi="2" ci="0" mb="0" cb="0"/><line nr="1775" mi="8" ci="0" mb="0" cb="0"/><line nr="1780" mi="4" ci="0" mb="0" cb="0"/><line nr="1782" mi="7" ci="0" mb="0" cb="0"/><line nr="1783" mi="8" ci="0" mb="4" cb="0"/><line nr="1784" mi="3" ci="0" mb="2" cb="0"/><line nr="1786" mi="3" ci="0" mb="0" cb="0"/><line nr="1787" mi="2" ci="0" mb="2" cb="0"/><line nr="1788" mi="6" ci="0" mb="0" cb="0"/><line nr="1789" mi="2" ci="0" mb="2" cb="0"/><line nr="1790" mi="4" ci="0" mb="0" cb="0"/><line nr="1791" mi="3" ci="0" mb="2" cb="0"/><line nr="1792" mi="4" ci="0" mb="0" cb="0"/><line nr="1793" mi="4" ci="0" mb="2" cb="0"/><line nr="1794" mi="2" ci="0" mb="0" cb="0"/><line nr="1795" mi="1" ci="0" mb="0" cb="0"/><line nr="1797" mi="2" ci="0" mb="0" cb="0"/><line nr="1804" mi="8" ci="0" mb="0" cb="0"/><line nr="1809" mi="4" ci="0" mb="0" cb="0"/><line nr="1811" mi="7" ci="0" mb="0" cb="0"/><line nr="1812" mi="8" ci="0" mb="4" cb="0"/><line nr="1813" mi="3" ci="0" mb="2" cb="0"/><line nr="1815" mi="3" ci="0" mb="0" cb="0"/><line nr="1816" mi="2" ci="0" mb="2" cb="0"/><line nr="1817" mi="6" ci="0" mb="0" cb="0"/><line nr="1818" mi="2" ci="0" mb="2" cb="0"/><line nr="1819" mi="4" ci="0" mb="0" cb="0"/><line nr="1820" mi="3" ci="0" mb="2" cb="0"/><line nr="1821" mi="4" ci="0" mb="0" cb="0"/><line nr="1822" mi="4" ci="0" mb="2" cb="0"/><line nr="1823" mi="2" ci="0" mb="0" cb="0"/><line nr="1824" mi="1" ci="0" mb="0" cb="0"/><line nr="1826" mi="2" ci="0" mb="0" cb="0"/><line nr="1833" mi="8" ci="0" mb="0" cb="0"/><line nr="1838" mi="4" ci="0" mb="0" cb="0"/><line nr="1839" mi="3" ci="0" mb="0" cb="0"/><line nr="1840" mi="3" ci="0" mb="0" cb="0"/><line nr="1841" mi="3" ci="0" mb="0" cb="0"/><line nr="1842" mi="3" ci="0" mb="0" cb="0"/><line nr="1843" mi="4" ci="0" mb="0" cb="0"/><line nr="1845" mi="11" ci="0" mb="0" cb="0"/><line nr="1847" mi="8" ci="0" mb="4" cb="0"/><line nr="1848" mi="3" ci="0" mb="2" cb="0"/><line nr="1850" mi="1" ci="0" mb="0" cb="0"/><line nr="1856" mi="8" ci="0" mb="0" cb="0"/><line nr="1862" mi="4" ci="0" mb="0" cb="0"/><line nr="1863" mi="3" ci="0" mb="0" cb="0"/><line nr="1864" mi="3" ci="0" mb="0" cb="0"/><line nr="1866" mi="4" ci="0" mb="0" cb="0"/><line nr="1868" mi="4" ci="0" mb="0" cb="0"/><line nr="1869" mi="7" ci="0" mb="0" cb="0"/><line nr="1870" mi="8" ci="0" mb="4" cb="0"/><line nr="1871" mi="3" ci="0" mb="2" cb="0"/><line nr="1873" mi="3" ci="0" mb="0" cb="0"/><line nr="1874" mi="2" ci="0" mb="2" cb="0"/><line nr="1875" mi="5" ci="0" mb="0" cb="0"/><line nr="1882" mi="8" ci="0" mb="0" cb="0"/><line nr="1888" mi="2" ci="0" mb="0" cb="0"/><line nr="1893" mi="4" ci="0" mb="0" cb="0"/><line nr="1894" mi="3" ci="0" mb="0" cb="0"/><line nr="1896" mi="4" ci="0" mb="0" cb="0"/><line nr="1898" mi="4" ci="0" mb="0" cb="0"/><line nr="1899" mi="7" ci="0" mb="0" cb="0"/><line nr="1900" mi="8" ci="0" mb="4" cb="0"/><line nr="1901" mi="3" ci="0" mb="2" cb="0"/><line nr="1903" mi="3" ci="0" mb="0" cb="0"/><line nr="1904" mi="2" ci="0" mb="2" cb="0"/><line nr="1905" mi="5" ci="0" mb="0" cb="0"/><line nr="1912" mi="8" ci="0" mb="0" cb="0"/><line nr="1917" mi="4" ci="0" mb="0" cb="0"/><line nr="1918" mi="4" ci="0" mb="0" cb="0"/><line nr="1919" mi="7" ci="0" mb="0" cb="0"/><line nr="1920" mi="8" ci="0" mb="4" cb="0"/><line nr="1921" mi="3" ci="0" mb="2" cb="0"/><line nr="1923" mi="6" ci="0" mb="0" cb="0"/><line nr="1928" mi="8" ci="0" mb="0" cb="0"/><line nr="1933" mi="4" ci="0" mb="0" cb="0"/><line nr="1935" mi="11" ci="0" mb="0" cb="0"/><line nr="1937" mi="8" ci="0" mb="4" cb="0"/><line nr="1938" mi="3" ci="0" mb="2" cb="0"/><line nr="1940" mi="6" ci="0" mb="0" cb="0"/><line nr="1946" mi="8" ci="0" mb="0" cb="0"/><line nr="1953" mi="3" ci="0" mb="0" cb="0"/><line nr="1954" mi="6" ci="0" mb="4" cb="0"/><line nr="1955" mi="1" ci="0" mb="0" cb="0"/><line nr="1957" mi="7" ci="0" mb="4" cb="0"/><line nr="1958" mi="4" ci="0" mb="0" cb="0"/><line nr="1959" mi="5" ci="0" mb="4" cb="0"/><line nr="1960" mi="1" ci="0" mb="0" cb="0"/><line nr="1963" mi="4" ci="0" mb="0" cb="0"/><line nr="1964" mi="5" ci="0" mb="0" cb="0"/><line nr="1966" mi="2" ci="0" mb="0" cb="0"/><line nr="1967" mi="10" ci="0" mb="2" cb="0"/><line nr="1968" mi="7" ci="0" mb="0" cb="0"/><line nr="1969" mi="8" ci="0" mb="4" cb="0"/><line nr="1970" mi="3" ci="0" mb="2" cb="0"/><line nr="1972" mi="1" ci="0" mb="0" cb="0"/><line nr="1975" mi="2" ci="0" mb="0" cb="0"/><line nr="1977" mi="1" ci="0" mb="0" cb="0"/><line nr="1979" mi="2" ci="0" mb="2" cb="0"/><line nr="1980" mi="8" ci="0" mb="0" cb="0"/><line nr="1982" mi="1" ci="0" mb="0" cb="0"/><line nr="1988" mi="7" ci="0" mb="4" cb="0"/><line nr="1989" mi="4" ci="0" mb="0" cb="0"/><line nr="1990" mi="5" ci="0" mb="4" cb="0"/><line nr="1991" mi="2" ci="0" mb="0" cb="0"/><line nr="1994" mi="4" ci="0" mb="0" cb="0"/><line nr="1996" mi="5" ci="0" mb="0" cb="0"/><line nr="1997" mi="10" ci="0" mb="2" cb="0"/><line nr="1998" mi="7" ci="0" mb="0" cb="0"/><line nr="2000" mi="8" ci="0" mb="4" cb="0"/><line nr="2002" mi="4" ci="0" mb="2" cb="0"/><line nr="2003" mi="12" ci="0" mb="0" cb="0"/><line nr="2005" mi="8" ci="0" mb="0" cb="0"/><line nr="2007" mi="1" ci="0" mb="0" cb="0"/><line nr="2008" mi="2" ci="0" mb="0" cb="0"/><counter type="INSTRUCTION" missed="3613" covered="452"/><counter type="BRANCH" missed="480" covered="22"/><counter type="LINE" missed="735" covered="85"/><counter type="COMPLEXITY" missed="327" covered="19"/><counter type="METHOD" missed="74" covered="15"/><counter type="CLASS" missed="1" covered="3"/></sourcefile><counter type="INSTRUCTION" missed="4926" covered="602"/><counter type="BRANCH" missed="596" covered="25"/><counter type="LINE" missed="1019" covered="124"/><counter type="COMPLEXITY" missed="413" covered="34"/><counter type="METHOD" missed="99" covered="29"/><counter type="CLASS" missed="2" covered="8"/></package><package name="org/apache/rocketmq/client/producer/selector"><class name="org/apache/rocketmq/client/producer/selector/SelectMessageQueueByRandoom"><method name="&lt;init&gt;" desc="()V" line="25"><counter type="INSTRUCTION" missed="9" covered="0"/><counter type="LINE" missed="2" covered="0"/><counter type="COMPLEXITY" missed="1" covered="0"/><counter type="METHOD" missed="1" covered="0"/></method><method name="select" desc="(Ljava/util/List;Lorg/apache/rocketmq/common/message/Message;Ljava/lang/Object;)Lorg/apache/rocketmq/common/message/MessageQueue;" line="30"><counter type="INSTRUCTION" missed="19" covered="0"/><counter type="BRANCH" missed="2" covered="0"/><counter type="LINE" missed="5" covered="0"/><counter type="COMPLEXITY" missed="2" covered="0"/><counter type="METHOD" missed="1" covered="0"/></method><counter type="INSTRUCTION" missed="28" covered="0"/><counter type="BRANCH" missed="2" covered="0"/><counter type="LINE" missed="7" covered="0"/><counter type="COMPLEXITY" missed="3" covered="0"/><counter type="METHOD" missed="2" covered="0"/><counter type="CLASS" missed="1" covered="0"/></class><class name="org/apache/rocketmq/client/producer/selector/SelectMessageQueueByHash"><method name="&lt;init&gt;" desc="()V" line="24"><counter type="INSTRUCTION" missed="0" covered="3"/><counter type="LINE" missed="0" covered="1"/><counter type="COMPLEXITY" missed="0" covered="1"/><counter type="METHOD" missed="0" covered="1"/></method><method name="select" desc="(Ljava/util/List;Lorg/apache/rocketmq/common/message/Message;Ljava/lang/Object;)Lorg/apache/rocketmq/common/message/MessageQueue;" line="28"><counter type="INSTRUCTION" missed="3" covered="15"/><counter type="BRANCH" missed="1" covered="1"/><counter type="LINE" missed="1" covered="4"/><counter type="COMPLEXITY" missed="1" covered="1"/><counter type="METHOD" missed="0" covered="1"/></method><counter type="INSTRUCTION" missed="3" covered="18"/><counter type="BRANCH" missed="1" covered="1"/><counter type="LINE" missed="1" covered="5"/><counter type="COMPLEXITY" missed="1" covered="2"/><counter type="METHOD" missed="0" covered="2"/><counter type="CLASS" missed="0" covered="1"/></class><class name="org/apache/rocketmq/client/producer/selector/SelectMessageQueueByMachineRoom"><method name="&lt;init&gt;" desc="()V" line="25"><counter type="INSTRUCTION" missed="3" covered="0"/><counter type="LINE" missed="1" covered="0"/><counter type="COMPLEXITY" missed="1" covered="0"/><counter type="METHOD" missed="1" covered="0"/></method><method name="select" desc="(Ljava/util/List;Lorg/apache/rocketmq/common/message/Message;Ljava/lang/Object;)Lorg/apache/rocketmq/common/message/MessageQueue;" line="30"><counter type="INSTRUCTION" missed="2" covered="0"/><counter type="LINE" missed="1" covered="0"/><counter type="COMPLEXITY" missed="1" covered="0"/><counter type="METHOD" missed="1" covered="0"/></method><method name="getConsumeridcs" desc="()Ljava/util/Set;" line="34"><counter type="INSTRUCTION" missed="3" covered="0"/><counter type="LINE" missed="1" covered="0"/><counter type="COMPLEXITY" missed="1" covered="0"/><counter type="METHOD" missed="1" covered="0"/></method><method name="setConsumeridcs" desc="(Ljava/util/Set;)V" line="38"><counter type="INSTRUCTION" missed="4" covered="0"/><counter type="LINE" missed="2" covered="0"/><counter type="COMPLEXITY" missed="1" covered="0"/><counter type="METHOD" missed="1" covered="0"/></method><counter type="INSTRUCTION" missed="12" covered="0"/><counter type="LINE" missed="5" covered="0"/><counter type="COMPLEXITY" missed="4" covered="0"/><counter type="METHOD" missed="4" covered="0"/><counter type="CLASS" missed="1" covered="0"/></class><sourcefile name="SelectMessageQueueByHash.java"><line nr="24" mi="0" ci="3" mb="0" cb="0"/><line nr="28" mi="0" ci="3" mb="0" cb="0"/><line nr="29" mi="0" ci="2" mb="1" cb="1"/><line nr="30" mi="3" ci="0" mb="0" cb="0"/><line nr="33" mi="0" ci="5" mb="0" cb="0"/><line nr="34" mi="0" ci="5" mb="0" cb="0"/><counter type="INSTRUCTION" missed="3" covered="18"/><counter type="BRANCH" missed="1" covered="1"/><counter type="LINE" missed="1" covered="5"/><counter type="COMPLEXITY" missed="1" covered="2"/><counter type="METHOD" missed="0" covered="2"/><counter type="CLASS" missed="0" covered="1"/></sourcefile><sourcefile name="SelectMessageQueueByMachineRoom.java"><line nr="25" mi="3" ci="0" mb="0" cb="0"/><line nr="30" mi="2" ci="0" mb="0" cb="0"/><line nr="34" mi="3" ci="0" mb="0" cb="0"/><line nr="38" mi="3" ci="0" mb="0" cb="0"/><line nr="39" mi="1" ci="0" mb="0" cb="0"/><counter type="INSTRUCTION" missed="12" covered="0"/><counter type="LINE" missed="5" covered="0"/><counter type="COMPLEXITY" missed="4" covered="0"/><counter type="METHOD" missed="4" covered="0"/><counter type="CLASS" missed="1" covered="0"/></sourcefile><sourcefile name="SelectMessageQueueByRandoom.java"><line nr="25" mi="2" ci="0" mb="0" cb="0"/><line nr="26" mi="7" ci="0" mb="0" cb="0"/><line nr="30" mi="4" ci="0" mb="0" cb="0"/><line nr="31" mi="2" ci="0" mb="2" cb="0"/><line nr="32" mi="3" ci="0" mb="0" cb="0"/><line nr="35" mi="5" ci="0" mb="0" cb="0"/><line nr="36" mi="5" ci="0" mb="0" cb="0"/><counter type="INSTRUCTION" missed="28" covered="0"/><counter type="BRANCH" missed="2" covered="0"/><counter type="LINE" missed="7" covered="0"/><counter type="COMPLEXITY" missed="3" covered="0"/><counter type="METHOD" missed="2" covered="0"/><counter type="CLASS" missed="1" covered="0"/></sourcefile><counter type="INSTRUCTION" missed="43" covered="18"/><counter type="BRANCH" missed="3" covered="1"/><counter type="LINE" missed="13" covered="5"/><counter type="COMPLEXITY" missed="8" covered="2"/><counter type="METHOD" missed="6" covered="2"/><counter type="CLASS" missed="2" covered="1"/></package><counter type="INSTRUCTION" missed="16336" covered="9550"/><counter type="BRANCH" missed="1670" covered="559"/><counter type="LINE" missed="3635" covered="2211"/><counter type="COMPLEXITY" missed="1686" covered="591"/><counter type="METHOD" missed="645" covered="486"/><counter type="CLASS" missed="29" covered="77"/></report>